This is pdfTeX, Version 3.141592653-2.6-1.40.27 (MiKTeX 25.4) (preloaded format=pdflatex 2025.12.13)  17 DEC 2025 09:36
entering extended mode
 restricted \write18 enabled.
 %&-line parsing enabled.
**"./Measure 2026.tex"
(Measure 2026.tex
LaTeX2e <2025-11-01>
L3 programming layer <2025-11-06>

(C:\Users\Akpabli Prince Atsu\AppData\Local\Programs\MiKTeX\tex/latex/beamer\be
amer.cls
Document Class: beamer 2025/08/13 v3.76 A class for typesetting presentations

(C:\Users\Akpabli Prince Atsu\AppData\Local\Programs\MiKTeX\tex/latex/beamer\be
amerbasemodes.sty
(C:\Users\Akpabli Prince Atsu\AppData\Local\Programs\MiKTeX\tex/latex/etoolbox\
etoolbox.sty
Package: etoolbox 2025/10/02 v2.5m e-TeX tools for LaTeX (JAW)
\etb@tempcnta=\count275
)
\beamer@tempbox=\box53
\beamer@tempcount=\count276
\c@beamerpauses=\count277

(C:\Users\Akpabli Prince Atsu\AppData\Local\Programs\MiKTeX\tex/latex/beamer\be
amerbasedecode.sty
\beamer@slideinframe=\count278
\beamer@minimum=\count279
\beamer@decode@box=\box54
)
\beamer@commentbox=\box55
\beamer@modecount=\count280
)
(C:\Users\Akpabli Prince Atsu\AppData\Local\Programs\MiKTeX\tex/generic/iftex\i
ftex.sty
Package: iftex 2024/12/12 v1.0g TeX engine tests
)
\headdp=\dimen148
\footheight=\dimen149
\sidebarheight=\dimen150
\beamer@tempdim=\dimen151
\beamer@finalheight=\dimen152
\beamer@animht=\dimen153
\beamer@animdp=\dimen154
\beamer@animwd=\dimen155
\beamer@leftmargin=\dimen156
\beamer@rightmargin=\dimen157
\beamer@leftsidebar=\dimen158
\beamer@rightsidebar=\dimen159
\beamer@boxsize=\dimen160
\beamer@vboxoffset=\dimen161
\beamer@descdefault=\dimen162
\beamer@descriptionwidth=\dimen163
\beamer@lastskip=\skip49
\beamer@areabox=\box56
\beamer@animcurrent=\box57
\beamer@animshowbox=\box58
\beamer@sectionbox=\box59
\beamer@logobox=\box60
\beamer@linebox=\box61
\beamer@sectioncount=\count281
\beamer@subsubsectionmax=\count282
\beamer@subsectionmax=\count283
\beamer@sectionmax=\count284
\beamer@totalheads=\count285
\beamer@headcounter=\count286
\beamer@partstartpage=\count287
\beamer@sectionstartpage=\count288
\beamer@subsectionstartpage=\count289
\beamer@animationtempa=\count290
\beamer@animationtempb=\count291
\beamer@xpos=\count292
\beamer@ypos=\count293
\beamer@ypos@offset=\count294
\beamer@showpartnumber=\count295
\beamer@currentsubsection=\count296
\beamer@coveringdepth=\count297
\beamer@sectionadjust=\count298
\beamer@toclastsection=\count299
\beamer@tocsectionnumber=\count300

(C:\Users\Akpabli Prince Atsu\AppData\Local\Programs\MiKTeX\tex/latex/beamer\be
amerbaseoptions.sty
(C:\Users\Akpabli Prince Atsu\AppData\Local\Programs\MiKTeX\tex/latex/graphics\
keyval.sty
Package: keyval 2022/05/29 v1.15 key=value parser (DPC)
\KV@toks@=\toks17
))
\beamer@paperwidth=\skip50
\beamer@paperheight=\skip51

(C:\Users\Akpabli Prince Atsu\AppData\Local\Programs\MiKTeX\tex/latex/geometry\
geometry.sty
Package: geometry 2020/01/02 v5.9 Page Geometry

(C:\Users\Akpabli Prince Atsu\AppData\Local\Programs\MiKTeX\tex/generic/iftex\i
fvtex.sty
Package: ifvtex 2019/10/25 v1.7 ifvtex legacy package. Use iftex instead.
)
\Gm@cnth=\count301
\Gm@cntv=\count302
\c@Gm@tempcnt=\count303
\Gm@bindingoffset=\dimen164
\Gm@wd@mp=\dimen165
\Gm@odd@mp=\dimen166
\Gm@even@mp=\dimen167
\Gm@layoutwidth=\dimen168
\Gm@layoutheight=\dimen169
\Gm@layouthoffset=\dimen170
\Gm@layoutvoffset=\dimen171
\Gm@dimlist=\toks18

(C:\Users\Akpabli Prince Atsu\AppData\Local\Programs\MiKTeX\tex/latex/geometry\
geometry.cfg))
(C:\Users\Akpabli Prince Atsu\AppData\Local\Programs\MiKTeX\tex/latex/pgf/math\
pgfmath.sty
(C:\Users\Akpabli Prince Atsu\AppData\Local\Programs\MiKTeX\tex/latex/pgf/utili
ties\pgfrcs.sty
(C:\Users\Akpabli Prince Atsu\AppData\Local\Programs\MiKTeX\tex/generic/pgf/uti
lities\pgfutil-common.tex
\pgfutil@everybye=\toks19
\pgfutil@tempdima=\dimen172
\pgfutil@tempdimb=\dimen173
)
(C:\Users\Akpabli Prince Atsu\AppData\Local\Programs\MiKTeX\tex/generic/pgf/uti
lities\pgfutil-latex.def
\pgfutil@abb=\box62
)
(C:\Users\Akpabli Prince Atsu\AppData\Local\Programs\MiKTeX\tex/generic/pgf/uti
lities\pgfrcs.code.tex
(C:\Users\Akpabli Prince Atsu\AppData\Local\Programs\MiKTeX\tex/generic/pgf\pgf
.revision.tex)
Package: pgfrcs 2025-08-29 v3.1.11a (3.1.11a)
))
(C:\Users\Akpabli Prince Atsu\AppData\Local\Programs\MiKTeX\tex/latex/pgf/utili
ties\pgfkeys.sty
(C:\Users\Akpabli Prince Atsu\AppData\Local\Programs\MiKTeX\tex/generic/pgf/uti
lities\pgfkeys.code.tex
\pgfkeys@pathtoks=\toks20
\pgfkeys@temptoks=\toks21

(C:\Users\Akpabli Prince Atsu\AppData\Local\Programs\MiKTeX\tex/generic/pgf/uti
lities\pgfkeyslibraryfiltered.code.tex
\pgfkeys@tmptoks=\toks22
)))
(C:\Users\Akpabli Prince Atsu\AppData\Local\Programs\MiKTeX\tex/generic/pgf/mat
h\pgfmath.code.tex
(C:\Users\Akpabli Prince Atsu\AppData\Local\Programs\MiKTeX\tex/generic/pgf/mat
h\pgfmathutil.code.tex
\pgf@x=\dimen174
\pgf@xa=\dimen175
\pgf@xb=\dimen176
\pgf@xc=\dimen177
\pgf@y=\dimen178
\pgf@ya=\dimen179
\pgf@yb=\dimen180
\pgf@yc=\dimen181
\c@pgf@counta=\count304
\c@pgf@countb=\count305
\c@pgf@countc=\count306
\c@pgf@countd=\count307
)
(C:\Users\Akpabli Prince Atsu\AppData\Local\Programs\MiKTeX\tex/generic/pgf/mat
h\pgfmathparser.code.tex
\pgfmath@dimen=\dimen182
\pgfmath@count=\count308
\pgfmath@box=\box63
\pgfmath@toks=\toks23
\pgfmath@stack@operand=\toks24
\pgfmath@stack@operation=\toks25
)
(C:\Users\Akpabli Prince Atsu\AppData\Local\Programs\MiKTeX\tex/generic/pgf/mat
h\pgfmathfunctions.code.tex)
(C:\Users\Akpabli Prince Atsu\AppData\Local\Programs\MiKTeX\tex/generic/pgf/mat
h\pgfmathfunctions.basic.code.tex)
(C:\Users\Akpabli Prince Atsu\AppData\Local\Programs\MiKTeX\tex/generic/pgf/mat
h\pgfmathfunctions.trigonometric.code.tex)
(C:\Users\Akpabli Prince Atsu\AppData\Local\Programs\MiKTeX\tex/generic/pgf/mat
h\pgfmathfunctions.random.code.tex)
(C:\Users\Akpabli Prince Atsu\AppData\Local\Programs\MiKTeX\tex/generic/pgf/mat
h\pgfmathfunctions.comparison.code.tex)
(C:\Users\Akpabli Prince Atsu\AppData\Local\Programs\MiKTeX\tex/generic/pgf/mat
h\pgfmathfunctions.base.code.tex)
(C:\Users\Akpabli Prince Atsu\AppData\Local\Programs\MiKTeX\tex/generic/pgf/mat
h\pgfmathfunctions.round.code.tex)
(C:\Users\Akpabli Prince Atsu\AppData\Local\Programs\MiKTeX\tex/generic/pgf/mat
h\pgfmathfunctions.misc.code.tex)
(C:\Users\Akpabli Prince Atsu\AppData\Local\Programs\MiKTeX\tex/generic/pgf/mat
h\pgfmathfunctions.integerarithmetics.code.tex)
(C:\Users\Akpabli Prince Atsu\AppData\Local\Programs\MiKTeX\tex/generic/pgf/mat
h\pgfmathcalc.code.tex)
(C:\Users\Akpabli Prince Atsu\AppData\Local\Programs\MiKTeX\tex/generic/pgf/mat
h\pgfmathfloat.code.tex
\c@pgfmathroundto@lastzeros=\count309
)))
(C:\Users\Akpabli Prince Atsu\AppData\Local\Programs\MiKTeX\tex/latex/base\size
11.clo
File: size11.clo 2025/01/22 v1.4n Standard LaTeX file (size option)
)
(C:\Users\Akpabli Prince Atsu\AppData\Local\Programs\MiKTeX\tex/latex/pgf/basic
layer\pgfcore.sty
(C:\Users\Akpabli Prince Atsu\AppData\Local\Programs\MiKTeX\tex/latex/graphics\
graphicx.sty
Package: graphicx 2024/12/31 v1.2e Enhanced LaTeX Graphics (DPC,SPQR)

(C:\Users\Akpabli Prince Atsu\AppData\Local\Programs\MiKTeX\tex/latex/graphics\
graphics.sty
Package: graphics 2024/08/06 v1.4g Standard LaTeX Graphics (DPC,SPQR)

(C:\Users\Akpabli Prince Atsu\AppData\Local\Programs\MiKTeX\tex/latex/graphics\
trig.sty
Package: trig 2023/12/02 v1.11 sin cos tan (DPC)
)
(C:\Users\Akpabli Prince Atsu\AppData\Local\Programs\MiKTeX\tex/latex/graphics-
cfg\graphics.cfg
File: graphics.cfg 2016/06/04 v1.11 sample graphics configuration
)
Package graphics Info: Driver file: pdftex.def on input line 106.

(C:\Users\Akpabli Prince Atsu\AppData\Local\Programs\MiKTeX\tex/latex/graphics-
def\pdftex.def
File: pdftex.def 2025/09/29 v1.2d Graphics/color driver for pdftex
))
\Gin@req@height=\dimen183
\Gin@req@width=\dimen184
)
(C:\Users\Akpabli Prince Atsu\AppData\Local\Programs\MiKTeX\tex/latex/pgf/syste
mlayer\pgfsys.sty
(C:\Users\Akpabli Prince Atsu\AppData\Local\Programs\MiKTeX\tex/generic/pgf/sys
temlayer\pgfsys.code.tex
Package: pgfsys 2025-08-29 v3.1.11a (3.1.11a)
\pgf@x=\dimen185
\pgf@y=\dimen186
\pgf@xa=\dimen187
\pgf@ya=\dimen188
\pgf@xb=\dimen189
\pgf@yb=\dimen190
\pgf@xc=\dimen191
\pgf@yc=\dimen192
\pgf@xd=\dimen193
\pgf@yd=\dimen194
\w@pgf@writea=\write3
\r@pgf@reada=\read2
\c@pgf@counta=\count310
\c@pgf@countb=\count311
\c@pgf@countc=\count312
\c@pgf@countd=\count313
\t@pgf@toka=\toks26
\t@pgf@tokb=\toks27
\t@pgf@tokc=\toks28
\pgf@sys@id@count=\count314

(C:\Users\Akpabli Prince Atsu\AppData\Local\Programs\MiKTeX\tex/generic/pgf/sys
temlayer\pgf.cfg
File: pgf.cfg 2025-08-29 v3.1.11a (3.1.11a)
)
Driver file for pgf: pgfsys-pdftex.def

(C:\Users\Akpabli Prince Atsu\AppData\Local\Programs\MiKTeX\tex/generic/pgf/sys
temlayer\pgfsys-pdftex.def
File: pgfsys-pdftex.def 2025-08-29 v3.1.11a (3.1.11a)

(C:\Users\Akpabli Prince Atsu\AppData\Local\Programs\MiKTeX\tex/generic/pgf/sys
temlayer\pgfsys-common-pdf.def
File: pgfsys-common-pdf.def 2025-08-29 v3.1.11a (3.1.11a)
)))
(C:\Users\Akpabli Prince Atsu\AppData\Local\Programs\MiKTeX\tex/generic/pgf/sys
temlayer\pgfsyssoftpath.code.tex
File: pgfsyssoftpath.code.tex 2025-08-29 v3.1.11a (3.1.11a)
\pgfsyssoftpath@smallbuffer@items=\count315
\pgfsyssoftpath@bigbuffer@items=\count316
)
(C:\Users\Akpabli Prince Atsu\AppData\Local\Programs\MiKTeX\tex/generic/pgf/sys
temlayer\pgfsysprotocol.code.tex
File: pgfsysprotocol.code.tex 2025-08-29 v3.1.11a (3.1.11a)
))
(C:\Users\Akpabli Prince Atsu\AppData\Local\Programs\MiKTeX\tex/latex/xcolor\xc
olor.sty
Package: xcolor 2024/09/29 v3.02 LaTeX color extensions (UK)

(C:\Users\Akpabli Prince Atsu\AppData\Local\Programs\MiKTeX\tex/latex/graphics-
cfg\color.cfg
File: color.cfg 2016/01/02 v1.6 sample color configuration
)
Package xcolor Info: Driver file: pdftex.def on input line 274.

(C:\Users\Akpabli Prince Atsu\AppData\Local\Programs\MiKTeX\tex/latex/graphics\
mathcolor.ltx)
Package xcolor Info: Model `cmy' substituted by `cmy0' on input line 1349.
Package xcolor Info: Model `hsb' substituted by `rgb' on input line 1353.
Package xcolor Info: Model `RGB' extended on input line 1365.
Package xcolor Info: Model `HTML' substituted by `rgb' on input line 1367.
Package xcolor Info: Model `Hsb' substituted by `hsb' on input line 1368.
Package xcolor Info: Model `tHsb' substituted by `hsb' on input line 1369.
Package xcolor Info: Model `HSB' substituted by `hsb' on input line 1370.
Package xcolor Info: Model `Gray' substituted by `gray' on input line 1371.
Package xcolor Info: Model `wave' substituted by `hsb' on input line 1372.
)
(C:\Users\Akpabli Prince Atsu\AppData\Local\Programs\MiKTeX\tex/generic/pgf/bas
iclayer\pgfcore.code.tex
Package: pgfcore 2025-08-29 v3.1.11a (3.1.11a)

(C:\Users\Akpabli Prince Atsu\AppData\Local\Programs\MiKTeX\tex/generic/pgf/mat
h\pgfint.code.tex)
(C:\Users\Akpabli Prince Atsu\AppData\Local\Programs\MiKTeX\tex/generic/pgf/bas
iclayer\pgfcorepoints.code.tex
File: pgfcorepoints.code.tex 2025-08-29 v3.1.11a (3.1.11a)
\pgf@picminx=\dimen195
\pgf@picmaxx=\dimen196
\pgf@picminy=\dimen197
\pgf@picmaxy=\dimen198
\pgf@pathminx=\dimen199
\pgf@pathmaxx=\dimen256
\pgf@pathminy=\dimen257
\pgf@pathmaxy=\dimen258
\pgf@xx=\dimen259
\pgf@xy=\dimen260
\pgf@yx=\dimen261
\pgf@yy=\dimen262
\pgf@zx=\dimen263
\pgf@zy=\dimen264
)
(C:\Users\Akpabli Prince Atsu\AppData\Local\Programs\MiKTeX\tex/generic/pgf/bas
iclayer\pgfcorepathconstruct.code.tex
File: pgfcorepathconstruct.code.tex 2025-08-29 v3.1.11a (3.1.11a)
\pgf@path@lastx=\dimen265
\pgf@path@lasty=\dimen266
)
(C:\Users\Akpabli Prince Atsu\AppData\Local\Programs\MiKTeX\tex/generic/pgf/bas
iclayer\pgfcorepathusage.code.tex
File: pgfcorepathusage.code.tex 2025-08-29 v3.1.11a (3.1.11a)
\pgf@shorten@end@additional=\dimen267
\pgf@shorten@start@additional=\dimen268
)
(C:\Users\Akpabli Prince Atsu\AppData\Local\Programs\MiKTeX\tex/generic/pgf/bas
iclayer\pgfcorescopes.code.tex
File: pgfcorescopes.code.tex 2025-08-29 v3.1.11a (3.1.11a)
\pgfpic=\box64
\pgf@hbox=\box65
\pgf@layerbox@main=\box66
\pgf@picture@serial@count=\count317
)
(C:\Users\Akpabli Prince Atsu\AppData\Local\Programs\MiKTeX\tex/generic/pgf/bas
iclayer\pgfcoregraphicstate.code.tex
File: pgfcoregraphicstate.code.tex 2025-08-29 v3.1.11a (3.1.11a)
\pgflinewidth=\dimen269
)
(C:\Users\Akpabli Prince Atsu\AppData\Local\Programs\MiKTeX\tex/generic/pgf/bas
iclayer\pgfcoretransformations.code.tex
File: pgfcoretransformations.code.tex 2025-08-29 v3.1.11a (3.1.11a)
\pgf@pt@x=\dimen270
\pgf@pt@y=\dimen271
\pgf@pt@temp=\dimen272
)
(C:\Users\Akpabli Prince Atsu\AppData\Local\Programs\MiKTeX\tex/generic/pgf/bas
iclayer\pgfcorequick.code.tex
File: pgfcorequick.code.tex 2025-08-29 v3.1.11a (3.1.11a)
)
(C:\Users\Akpabli Prince Atsu\AppData\Local\Programs\MiKTeX\tex/generic/pgf/bas
iclayer\pgfcoreobjects.code.tex
File: pgfcoreobjects.code.tex 2025-08-29 v3.1.11a (3.1.11a)
)
(C:\Users\Akpabli Prince Atsu\AppData\Local\Programs\MiKTeX\tex/generic/pgf/bas
iclayer\pgfcorepathprocessing.code.tex
File: pgfcorepathprocessing.code.tex 2025-08-29 v3.1.11a (3.1.11a)
)
(C:\Users\Akpabli Prince Atsu\AppData\Local\Programs\MiKTeX\tex/generic/pgf/bas
iclayer\pgfcorearrows.code.tex
File: pgfcorearrows.code.tex 2025-08-29 v3.1.11a (3.1.11a)
\pgfarrowsep=\dimen273
)
(C:\Users\Akpabli Prince Atsu\AppData\Local\Programs\MiKTeX\tex/generic/pgf/bas
iclayer\pgfcoreshade.code.tex
File: pgfcoreshade.code.tex 2025-08-29 v3.1.11a (3.1.11a)
\pgf@max=\dimen274
\pgf@sys@shading@range@num=\count318
\pgf@shadingcount=\count319
)
(C:\Users\Akpabli Prince Atsu\AppData\Local\Programs\MiKTeX\tex/generic/pgf/bas
iclayer\pgfcoreimage.code.tex
File: pgfcoreimage.code.tex 2025-08-29 v3.1.11a (3.1.11a)
)
(C:\Users\Akpabli Prince Atsu\AppData\Local\Programs\MiKTeX\tex/generic/pgf/bas
iclayer\pgfcoreexternal.code.tex
File: pgfcoreexternal.code.tex 2025-08-29 v3.1.11a (3.1.11a)
\pgfexternal@startupbox=\box67
)
(C:\Users\Akpabli Prince Atsu\AppData\Local\Programs\MiKTeX\tex/generic/pgf/bas
iclayer\pgfcorelayers.code.tex
File: pgfcorelayers.code.tex 2025-08-29 v3.1.11a (3.1.11a)
)
(C:\Users\Akpabli Prince Atsu\AppData\Local\Programs\MiKTeX\tex/generic/pgf/bas
iclayer\pgfcoretransparency.code.tex
File: pgfcoretransparency.code.tex 2025-08-29 v3.1.11a (3.1.11a)
)
(C:\Users\Akpabli Prince Atsu\AppData\Local\Programs\MiKTeX\tex/generic/pgf/bas
iclayer\pgfcorepatterns.code.tex
File: pgfcorepatterns.code.tex 2025-08-29 v3.1.11a (3.1.11a)
)
(C:\Users\Akpabli Prince Atsu\AppData\Local\Programs\MiKTeX\tex/generic/pgf/bas
iclayer\pgfcorerdf.code.tex
File: pgfcorerdf.code.tex 2025-08-29 v3.1.11a (3.1.11a)
)))
(C:\Users\Akpabli Prince Atsu\AppData\Local\Programs\MiKTeX\tex/latex/pgf/utili
ties\xxcolor.sty
Package: xxcolor 2003/10/24 ver 0.1
\XC@nummixins=\count320
\XC@countmixins=\count321
)
(C:\Users\Akpabli Prince Atsu\AppData\Local\Programs\MiKTeX\tex/latex/base\atbe
gshi-ltx.sty
Package: atbegshi-ltx 2021/01/10 v1.0c Emulation of the original atbegshi
package with kernel methods
)
(C:\Users\Akpabli Prince Atsu\AppData\Local\Programs\MiKTeX\tex/latex/hyperref\
hyperref.sty
Package: hyperref 2025-07-12 v7.01o Hypertext links for LaTeX

(C:\Users\Akpabli Prince Atsu\AppData\Local\Programs\MiKTeX\tex/latex/kvsetkeys
\kvsetkeys.sty
Package: kvsetkeys 2022-10-05 v1.19 Key value parser (HO)
)
(C:\Users\Akpabli Prince Atsu\AppData\Local\Programs\MiKTeX\tex/generic/kvdefin
ekeys\kvdefinekeys.sty
Package: kvdefinekeys 2019-12-19 v1.6 Define keys (HO)
)
(C:\Users\Akpabli Prince Atsu\AppData\Local\Programs\MiKTeX\tex/generic/pdfesca
pe\pdfescape.sty
Package: pdfescape 2019/12/09 v1.15 Implements pdfTeX's escape features (HO)

(C:\Users\Akpabli Prince Atsu\AppData\Local\Programs\MiKTeX\tex/generic/ltxcmds
\ltxcmds.sty
Package: ltxcmds 2023-12-04 v1.26 LaTeX kernel commands for general use (HO)
)
(C:\Users\Akpabli Prince Atsu\AppData\Local\Programs\MiKTeX\tex/generic/pdftexc
mds\pdftexcmds.sty
Package: pdftexcmds 2020-06-27 v0.33 Utility functions of pdfTeX for LuaTeX (HO
)

(C:\Users\Akpabli Prince Atsu\AppData\Local\Programs\MiKTeX\tex/generic/infware
rr\infwarerr.sty
Package: infwarerr 2019/12/03 v1.5 Providing info/warning/error messages (HO)
)
Package pdftexcmds Info: \pdf@primitive is available.
Package pdftexcmds Info: \pdf@ifprimitive is available.
Package pdftexcmds Info: \pdfdraftmode found.
))
(C:\Users\Akpabli Prince Atsu\AppData\Local\Programs\MiKTeX\tex/latex/hycolor\h
ycolor.sty
Package: hycolor 2020-01-27 v1.10 Color options for hyperref/bookmark (HO)
)
(C:\Users\Akpabli Prince Atsu\AppData\Local\Programs\MiKTeX\tex/latex/hyperref\
nameref.sty
Package: nameref 2025-06-21 v2.57 Cross-referencing by name of section

(C:\Users\Akpabli Prince Atsu\AppData\Local\Programs\MiKTeX\tex/latex/refcount\
refcount.sty
Package: refcount 2019/12/15 v3.6 Data extraction from label references (HO)
)
(C:\Users\Akpabli Prince Atsu\AppData\Local\Programs\MiKTeX\tex/generic/gettitl
estring\gettitlestring.sty
Package: gettitlestring 2019/12/15 v1.6 Cleanup title references (HO)

(C:\Users\Akpabli Prince Atsu\AppData\Local\Programs\MiKTeX\tex/latex/kvoptions
\kvoptions.sty
Package: kvoptions 2022-06-15 v3.15 Key value format for package options (HO)
))
\c@section@level=\count322
)
(C:\Users\Akpabli Prince Atsu\AppData\Local\Programs\MiKTeX\tex/generic/stringe
nc\stringenc.sty
Package: stringenc 2019/11/29 v1.12 Convert strings between diff. encodings (HO
)
)
\@linkdim=\dimen275
\Hy@linkcounter=\count323
\Hy@pagecounter=\count324

(C:\Users\Akpabli Prince Atsu\AppData\Local\Programs\MiKTeX\tex/latex/hyperref\
pd1enc.def
File: pd1enc.def 2025-07-12 v7.01o Hyperref: PDFDocEncoding definition (HO)
Now handling font encoding PD1 ...
... no UTF-8 mapping file for font encoding PD1
)
(C:\Users\Akpabli Prince Atsu\AppData\Local\Programs\MiKTeX\tex/generic/intcalc
\intcalc.sty
Package: intcalc 2019/12/15 v1.3 Expandable calculations with integers (HO)
)
\Hy@SavedSpaceFactor=\count325

(C:\Users\Akpabli Prince Atsu\AppData\Local\Programs\MiKTeX\tex/latex/hyperref\
puenc.def
File: puenc.def 2025-07-12 v7.01o Hyperref: PDF Unicode definition (HO)
Now handling font encoding PU ...
... no UTF-8 mapping file for font encoding PU
)
Package hyperref Info: Option `bookmarks' set `true' on input line 4066.
Package hyperref Info: Option `bookmarksopen' set `true' on input line 4066.
Package hyperref Info: Option `implicit' set `false' on input line 4066.
Package hyperref Info: Hyper figures OFF on input line 4195.
Package hyperref Info: Link nesting OFF on input line 4200.
Package hyperref Info: Hyper index ON on input line 4203.
Package hyperref Info: Plain pages OFF on input line 4210.
Package hyperref Info: Backreferencing OFF on input line 4215.
Package hyperref Info: Implicit mode OFF; no redefinition of LaTeX internals.
Package hyperref Info: Bookmarks ON on input line 4462.
\c@Hy@tempcnt=\count326

(C:\Users\Akpabli Prince Atsu\AppData\Local\Programs\MiKTeX\tex/latex/url\url.s
ty
\Urlmuskip=\muskip17
Package: url 2013/09/16  ver 3.4  Verb mode for urls, etc.
)
LaTeX Info: Redefining \url on input line 4801.
\XeTeXLinkMargin=\dimen276

(C:\Users\Akpabli Prince Atsu\AppData\Local\Programs\MiKTeX\tex/generic/bitset\
bitset.sty
Package: bitset 2019/12/09 v1.3 Handle bit-vector datatype (HO)

(C:\Users\Akpabli Prince Atsu\AppData\Local\Programs\MiKTeX\tex/generic/bigintc
alc\bigintcalc.sty
Package: bigintcalc 2019/12/15 v1.5 Expandable calculations on big integers (HO
)
))
\Fld@menulength=\count327
\Field@Width=\dimen277
\Fld@charsize=\dimen278
Package hyperref Info: Hyper figures OFF on input line 6078.
Package hyperref Info: Link nesting OFF on input line 6083.
Package hyperref Info: Hyper index ON on input line 6086.
Package hyperref Info: backreferencing OFF on input line 6093.
Package hyperref Info: Link coloring OFF on input line 6098.
Package hyperref Info: Link coloring with OCG OFF on input line 6103.
Package hyperref Info: PDF/A mode OFF on input line 6108.
\Hy@abspage=\count328


Package hyperref Message: Stopped early.

)
Package hyperref Info: Driver (autodetected): hpdftex.

(C:\Users\Akpabli Prince Atsu\AppData\Local\Programs\MiKTeX\tex/latex/hyperref\
hpdftex.def
File: hpdftex.def 2025-07-12 v7.01o Hyperref driver for pdfTeX
\Fld@listcount=\count329
\c@bookmark@seq@number=\count330

(C:\Users\Akpabli Prince Atsu\AppData\Local\Programs\MiKTeX\tex/latex/rerunfile
check\rerunfilecheck.sty
Package: rerunfilecheck 2025-06-21 v1.11 Rerun checks for auxiliary files (HO)

(C:\Users\Akpabli Prince Atsu\AppData\Local\Programs\MiKTeX\tex/generic/uniquec
ounter\uniquecounter.sty
Package: uniquecounter 2019/12/15 v1.4 Provide unlimited unique counter (HO)
)
Package uniquecounter Info: New unique counter `rerunfilecheck' on input line 2
84.
))
(C:\Users\Akpabli Prince Atsu\AppData\Local\Programs\MiKTeX\tex/latex/beamer\be
amerbaserequires.sty
(C:\Users\Akpabli Prince Atsu\AppData\Local\Programs\MiKTeX\tex/latex/beamer\be
amerbasecompatibility.sty)
(C:\Users\Akpabli Prince Atsu\AppData\Local\Programs\MiKTeX\tex/latex/beamer\be
amerbasefont.sty
(C:\Users\Akpabli Prince Atsu\AppData\Local\Programs\MiKTeX\tex/latex/amsfonts\
amssymb.sty
Package: amssymb 2013/01/14 v3.01 AMS font symbols

(C:\Users\Akpabli Prince Atsu\AppData\Local\Programs\MiKTeX\tex/latex/amsfonts\
amsfonts.sty
Package: amsfonts 2013/01/14 v3.01 Basic AMSFonts support
\@emptytoks=\toks29
\symAMSa=\mathgroup4
\symAMSb=\mathgroup5
LaTeX Font Info:    Redeclaring math symbol \hbar on input line 98.
LaTeX Font Info:    Overwriting math alphabet `\mathfrak' in version `bold'
(Font)                  U/euf/m/n --> U/euf/b/n on input line 106.
))
(C:\Users\Akpabli Prince Atsu\AppData\Local\Programs\MiKTeX\tex/latex/sansmatha
ccent\sansmathaccent.sty
Package: sansmathaccent 2020/01/31

(C:\Users\Akpabli Prince Atsu\AppData\Local\Programs\MiKTeX\tex/latex/koma-scri
pt\scrlfile.sty
Package: scrlfile 2025/09/09 v3.48 KOMA-Script package (file load hooks)

(C:\Users\Akpabli Prince Atsu\AppData\Local\Programs\MiKTeX\tex/latex/koma-scri
pt\scrlfile-hook.sty
Package: scrlfile-hook 2025/09/09 v3.48 KOMA-Script package (using LaTeX hooks)


(C:\Users\Akpabli Prince Atsu\AppData\Local\Programs\MiKTeX\tex/latex/koma-scri
pt\scrlogo.sty
Package: scrlogo 2025/09/09 v3.48 KOMA-Script package (logo)
)))))
(C:\Users\Akpabli Prince Atsu\AppData\Local\Programs\MiKTeX\tex/latex/beamer\be
amerbasetranslator.sty
(C:\Users\Akpabli Prince Atsu\AppData\Local\Programs\MiKTeX\tex/latex/translato
r\translator.sty
Package: translator 2021-05-31 v1.12d Easy translation of strings in LaTeX
))
(C:\Users\Akpabli Prince Atsu\AppData\Local\Programs\MiKTeX\tex/latex/beamer\be
amerbasemisc.sty)
(C:\Users\Akpabli Prince Atsu\AppData\Local\Programs\MiKTeX\tex/latex/beamer\be
amerbasetwoscreens.sty)
(C:\Users\Akpabli Prince Atsu\AppData\Local\Programs\MiKTeX\tex/latex/beamer\be
amerbaseoverlay.sty
\beamer@argscount=\count331
\beamer@lastskipcover=\skip52
\beamer@trivlistdepth=\count332
)
(C:\Users\Akpabli Prince Atsu\AppData\Local\Programs\MiKTeX\tex/latex/beamer\be
amerbasetitle.sty)
(C:\Users\Akpabli Prince Atsu\AppData\Local\Programs\MiKTeX\tex/latex/beamer\be
amerbasesection.sty
\c@lecture=\count333
\c@part=\count334
\c@section=\count335
\c@subsection=\count336
\c@subsubsection=\count337
)
(C:\Users\Akpabli Prince Atsu\AppData\Local\Programs\MiKTeX\tex/latex/beamer\be
amerbaseframe.sty
\beamer@framebox=\box68
\beamer@frametitlebox=\box69
\beamer@zoombox=\box70
\beamer@zoomcount=\count338
\beamer@zoomframecount=\count339
\beamer@frametextheight=\dimen279
\c@subsectionslide=\count340
\beamer@frametopskip=\skip53
\beamer@framebottomskip=\skip54
\beamer@frametopskipautobreak=\skip55
\beamer@framebottomskipautobreak=\skip56
\beamer@envbody=\toks30
\framewidth=\dimen280
\c@framenumber=\count341
)
(C:\Users\Akpabli Prince Atsu\AppData\Local\Programs\MiKTeX\tex/latex/beamer\be
amerbaseverbatim.sty
\beamer@verbatimfileout=\write4
)
(C:\Users\Akpabli Prince Atsu\AppData\Local\Programs\MiKTeX\tex/latex/beamer\be
amerbaseframesize.sty
\beamer@splitbox=\box71
\beamer@autobreakcount=\count342
\beamer@autobreaklastheight=\dimen281
\beamer@frametitletoks=\toks31
\beamer@framesubtitletoks=\toks32
)
(C:\Users\Akpabli Prince Atsu\AppData\Local\Programs\MiKTeX\tex/latex/beamer\be
amerbaseframecomponents.sty
\beamer@colheight=\skip57
\beamer@footins=\box72
)
(C:\Users\Akpabli Prince Atsu\AppData\Local\Programs\MiKTeX\tex/latex/beamer\be
amerbasecolor.sty)
(C:\Users\Akpabli Prince Atsu\AppData\Local\Programs\MiKTeX\tex/latex/beamer\be
amerbasenotes.sty
\beamer@frameboxcopy=\box73
)
(C:\Users\Akpabli Prince Atsu\AppData\Local\Programs\MiKTeX\tex/latex/beamer\be
amerbasetoc.sty)
(C:\Users\Akpabli Prince Atsu\AppData\Local\Programs\MiKTeX\tex/latex/beamer\be
amerbasetemplates.sty
\beamer@sbttoks=\toks33

(C:\Users\Akpabli Prince Atsu\AppData\Local\Programs\MiKTeX\tex/latex/beamer\be
amerbaseauxtemplates.sty
(C:\Users\Akpabli Prince Atsu\AppData\Local\Programs\MiKTeX\tex/latex/beamer\be
amerbaseboxes.sty
\bmb@box=\box74
\bmb@colorbox=\box75
\bmb@boxwidth=\dimen282
\bmb@boxheight=\dimen283
\bmb@prevheight=\dimen284
\bmb@temp=\dimen285
\bmb@dima=\dimen286
\bmb@dimb=\dimen287
\bmb@prevheight=\dimen288
)
\beamer@blockheadheight=\dimen289
))
(C:\Users\Akpabli Prince Atsu\AppData\Local\Programs\MiKTeX\tex/latex/beamer\be
amerbaselocalstructure.sty
(C:\Users\Akpabli Prince Atsu\AppData\Local\Programs\MiKTeX\tex/latex/tools\enu
merate.sty
Package: enumerate 2023/07/04 v3.00 enumerate extensions (DPC)
\@enLab=\toks34
)
\beamer@bibiconwidth=\skip58
\c@figure=\count343
\c@table=\count344
\abovecaptionskip=\skip59
\belowcaptionskip=\skip60
)
(C:\Users\Akpabli Prince Atsu\AppData\Local\Programs\MiKTeX\tex/latex/beamer\be
amerbasenavigation.sty
(C:\Users\Akpabli Prince Atsu\AppData\Local\Programs\MiKTeX\tex/latex/beamer\be
amerbasenavigationsymbols.tex)
\beamer@section@min@dim=\dimen290
)
(C:\Users\Akpabli Prince Atsu\AppData\Local\Programs\MiKTeX\tex/latex/beamer\be
amerbasetheorems.sty
(C:\Users\Akpabli Prince Atsu\AppData\Local\Programs\MiKTeX\tex/latex/amsmath\a
msmath.sty
Package: amsmath 2025/07/09 v2.17z AMS math features
\@mathmargin=\skip61

For additional information on amsmath, use the `?' option.

(C:\Users\Akpabli Prince Atsu\AppData\Local\Programs\MiKTeX\tex/latex/amsmath\a
mstext.sty
Package: amstext 2024/11/17 v2.01 AMS text

(C:\Users\Akpabli Prince Atsu\AppData\Local\Programs\MiKTeX\tex/latex/amsmath\a
msgen.sty
File: amsgen.sty 1999/11/30 v2.0 generic functions
\@emptytoks=\toks35
\ex@=\dimen291
))
(C:\Users\Akpabli Prince Atsu\AppData\Local\Programs\MiKTeX\tex/latex/amsmath\a
msbsy.sty
Package: amsbsy 1999/11/29 v1.2d Bold Symbols
\pmbraise@=\dimen292
)
(C:\Users\Akpabli Prince Atsu\AppData\Local\Programs\MiKTeX\tex/latex/amsmath\a
msopn.sty
Package: amsopn 2022/04/08 v2.04 operator names
)
\inf@bad=\count345
LaTeX Info: Redefining \frac on input line 233.
\uproot@=\count346
\leftroot@=\count347
LaTeX Info: Redefining \overline on input line 398.
LaTeX Info: Redefining \colon on input line 409.
\classnum@=\count348
\DOTSCASE@=\count349
LaTeX Info: Redefining \ldots on input line 495.
LaTeX Info: Redefining \dots on input line 498.
LaTeX Info: Redefining \cdots on input line 619.
\Mathstrutbox@=\box76
\strutbox@=\box77
LaTeX Info: Redefining \big on input line 721.
LaTeX Info: Redefining \Big on input line 722.
LaTeX Info: Redefining \bigg on input line 723.
LaTeX Info: Redefining \Bigg on input line 724.
\big@size=\dimen293
LaTeX Font Info:    Redeclaring font encoding OML on input line 742.
LaTeX Font Info:    Redeclaring font encoding OMS on input line 743.
\macc@depth=\count350
LaTeX Info: Redefining \bmod on input line 904.
LaTeX Info: Redefining \pmod on input line 909.
LaTeX Info: Redefining \smash on input line 939.
LaTeX Info: Redefining \relbar on input line 969.
LaTeX Info: Redefining \Relbar on input line 970.
\c@MaxMatrixCols=\count351
\dotsspace@=\muskip18
\c@parentequation=\count352
\dspbrk@lvl=\count353
\tag@help=\toks36
\row@=\count354
\column@=\count355
\maxfields@=\count356
\andhelp@=\toks37
\eqnshift@=\dimen294
\alignsep@=\dimen295
\tagshift@=\dimen296
\tagwidth@=\dimen297
\totwidth@=\dimen298
\lineht@=\dimen299
\@envbody=\toks38
\multlinegap=\skip62
\multlinetaggap=\skip63
\mathdisplay@stack=\toks39
LaTeX Info: Redefining \[ on input line 2950.
LaTeX Info: Redefining \] on input line 2951.
)
(C:\Users\Akpabli Prince Atsu\AppData\Local\Programs\MiKTeX\tex/latex/amscls\am
sthm.sty
Package: amsthm 2020/05/29 v2.20.6
\thm@style=\toks40
\thm@bodyfont=\toks41
\thm@headfont=\toks42
\thm@notefont=\toks43
\thm@headpunct=\toks44
\thm@preskip=\skip64
\thm@postskip=\skip65
\thm@headsep=\skip66
\dth@everypar=\toks45
)
\c@theorem=\count357
)
(C:\Users\Akpabli Prince Atsu\AppData\Local\Programs\MiKTeX\tex/latex/beamer\be
amerbasethemes.sty))
(C:\Users\Akpabli Prince Atsu\AppData\Local\Programs\MiKTeX\tex/latex/beamer\be
amerthemedefault.sty
(C:\Users\Akpabli Prince Atsu\AppData\Local\Programs\MiKTeX\tex/latex/beamer\be
amerfontthemedefault.sty)
(C:\Users\Akpabli Prince Atsu\AppData\Local\Programs\MiKTeX\tex/latex/beamer\be
amercolorthemedefault.sty)
(C:\Users\Akpabli Prince Atsu\AppData\Local\Programs\MiKTeX\tex/latex/beamer\be
amerinnerthemedefault.sty
\beamer@dima=\dimen300
\beamer@dimb=\dimen301
)
(C:\Users\Akpabli Prince Atsu\AppData\Local\Programs\MiKTeX\tex/latex/beamer\be
amerouterthemedefault.sty)))
(C:\Users\Akpabli Prince Atsu\AppData\Local\Programs\MiKTeX\tex/latex/beamer\be
amerthemeMadrid.sty
(C:\Users\Akpabli Prince Atsu\AppData\Local\Programs\MiKTeX\tex/latex/beamer\be
amercolorthemewhale.sty)
(C:\Users\Akpabli Prince Atsu\AppData\Local\Programs\MiKTeX\tex/latex/beamer\be
amercolorthemeorchid.sty)
(C:\Users\Akpabli Prince Atsu\AppData\Local\Programs\MiKTeX\tex/latex/beamer\be
amerinnerthemerounded.sty)
(C:\Users\Akpabli Prince Atsu\AppData\Local\Programs\MiKTeX\tex/latex/beamer\be
amerouterthemeinfolines.sty))
(C:\Users\Akpabli Prince Atsu\AppData\Local\Programs\MiKTeX\tex/latex/booktabs\
booktabs.sty
Package: booktabs 2020/01/12 v1.61803398 Publication quality tables
\heavyrulewidth=\dimen302
\lightrulewidth=\dimen303
\cmidrulewidth=\dimen304
\belowrulesep=\dimen305
\belowbottomsep=\dimen306
\aboverulesep=\dimen307
\abovetopsep=\dimen308
\cmidrulesep=\dimen309
\cmidrulekern=\dimen310
\defaultaddspace=\dimen311
\@cmidla=\count358
\@cmidlb=\count359
\@aboverulesep=\dimen312
\@belowrulesep=\dimen313
\@thisruleclass=\count360
\@lastruleclass=\count361
\@thisrulewidth=\dimen314
)
(C:\Users\Akpabli Prince Atsu\AppData\Local\Programs\MiKTeX\tex/latex/tools\arr
ay.sty
Package: array 2025/09/25 v2.6n Tabular extension package (FMi)
\col@sep=\dimen315
\ar@mcellbox=\box78
\extrarowheight=\dimen316
\NC@list=\toks46
\extratabsurround=\skip67
\backup@length=\skip68
\ar@cellbox=\box79
)
(C:\Users\Akpabli Prince Atsu\AppData\Local\Programs\MiKTeX\tex/latex/l3backend
\l3backend-pdftex.def
File: l3backend-pdftex.def 2025-10-09 L3 backend support: PDF output (pdfTeX)
\l__color_backend_stack_int=\count362
) (Measure 2026.aux)
\openout1 = `"Measure 2026.aux"'.

LaTeX Font Info:    Checking defaults for OML/cmm/m/it on input line 54.
LaTeX Font Info:    ... okay on input line 54.
LaTeX Font Info:    Checking defaults for OMS/cmsy/m/n on input line 54.
LaTeX Font Info:    ... okay on input line 54.
LaTeX Font Info:    Checking defaults for OT1/cmr/m/n on input line 54.
LaTeX Font Info:    ... okay on input line 54.
LaTeX Font Info:    Checking defaults for T1/cmr/m/n on input line 54.
LaTeX Font Info:    ... okay on input line 54.
LaTeX Font Info:    Checking defaults for TS1/cmr/m/n on input line 54.
LaTeX Font Info:    ... okay on input line 54.
LaTeX Font Info:    Checking defaults for OMX/cmex/m/n on input line 54.
LaTeX Font Info:    ... okay on input line 54.
LaTeX Font Info:    Checking defaults for U/cmr/m/n on input line 54.
LaTeX Font Info:    ... okay on input line 54.
LaTeX Font Info:    Checking defaults for PD1/pdf/m/n on input line 54.
LaTeX Font Info:    ... okay on input line 54.
LaTeX Font Info:    Checking defaults for PU/pdf/m/n on input line 54.
LaTeX Font Info:    ... okay on input line 54.

*geometry* driver: auto-detecting
*geometry* detected driver: pdftex
*geometry* verbose mode - [ preamble ] result:
* driver: pdftex
* paper: custom
* layout: <same size as paper>
* layoutoffset:(h,v)=(0.0pt,0.0pt)
* modes: includehead includefoot 
* h-part:(L,W,R)=(10.95003pt, 342.2953pt, 10.95003pt)
* v-part:(T,H,B)=(0.0pt, 273.14662pt, 0.0pt)
* \paperwidth=364.19536pt
* \paperheight=273.14662pt
* \textwidth=342.2953pt
* \textheight=244.6939pt
* \oddsidemargin=-61.31996pt
* \evensidemargin=-61.31996pt
* \topmargin=-72.26999pt
* \headheight=14.22636pt
* \headsep=0.0pt
* \topskip=11.0pt
* \footskip=14.22636pt
* \marginparwidth=4.0pt
* \marginparsep=10.0pt
* \columnsep=10.0pt
* \skip\footins=10.0pt plus 4.0pt minus 2.0pt
* \hoffset=0.0pt
* \voffset=0.0pt
* \mag=1000
* \@twocolumnfalse
* \@twosidefalse
* \@mparswitchfalse
* \@reversemarginfalse
* (1in=72.27pt=25.4mm, 1cm=28.453pt)


(C:\Users\Akpabli Prince Atsu\AppData\Local\Programs\MiKTeX\tex/context/base/mk
ii\supp-pdf.mkii
[Loading MPS to PDF converter (version 2006.09.02).]
\scratchcounter=\count363
\scratchdimen=\dimen317
\scratchbox=\box80
\nofMPsegments=\count364
\nofMParguments=\count365
\everyMPshowfont=\toks47
\MPscratchCnt=\count366
\MPscratchDim=\dimen318
\MPnumerator=\count367
\makeMPintoPDFobject=\count368
\everyMPtoPDFconversion=\toks48
)
(C:\Users\Akpabli Prince Atsu\AppData\Local\Programs\MiKTeX\tex/latex/epstopdf-
pkg\epstopdf-base.sty
Package: epstopdf-base 2020-01-24 v2.11 Base part for package epstopdf
Package epstopdf-base Info: Redefining graphics rule for `.eps' on input line 4
85.

(C:\Users\Akpabli Prince Atsu\AppData\Local\Programs\MiKTeX\tex/latex/00miktex\
epstopdf-sys.cfg
File: epstopdf-sys.cfg 2021/03/18 v2.0 Configuration of epstopdf for MiKTeX
))
Package hyperref Info: Link coloring OFF on input line 54.
 (Measure 2026.out) (Measure 2026.out)
\@outlinefile=\write5
\openout5 = `"Measure 2026.out"'.

LaTeX Font Info:    Overwriting symbol font `operators' in version `normal'
(Font)                  OT1/cmr/m/n --> OT1/cmss/m/n on input line 54.
LaTeX Font Info:    Overwriting symbol font `operators' in version `bold'
(Font)                  OT1/cmr/bx/n --> OT1/cmss/b/n on input line 54.
\symnumbers=\mathgroup6
\sympureletters=\mathgroup7
LaTeX Font Info:    Overwriting math alphabet `\mathrm' in version `normal'
(Font)                  OT1/cmss/m/n --> OT1/cmr/m/n on input line 54.
LaTeX Font Info:    Redeclaring math alphabet \mathbf on input line 54.
LaTeX Font Info:    Overwriting math alphabet `\mathbf' in version `normal'
(Font)                  OT1/cmr/bx/n --> OT1/cmss/b/n on input line 54.
LaTeX Font Info:    Overwriting math alphabet `\mathbf' in version `bold'
(Font)                  OT1/cmr/bx/n --> OT1/cmss/b/n on input line 54.
LaTeX Font Info:    Redeclaring math alphabet \mathsf on input line 54.
LaTeX Font Info:    Overwriting math alphabet `\mathsf' in version `normal'
(Font)                  OT1/cmss/m/n --> OT1/cmss/m/n on input line 54.
LaTeX Font Info:    Overwriting math alphabet `\mathsf' in version `bold'
(Font)                  OT1/cmss/bx/n --> OT1/cmss/m/n on input line 54.
LaTeX Font Info:    Redeclaring math alphabet \mathit on input line 54.
LaTeX Font Info:    Overwriting math alphabet `\mathit' in version `normal'
(Font)                  OT1/cmr/m/it --> OT1/cmss/m/it on input line 54.
LaTeX Font Info:    Overwriting math alphabet `\mathit' in version `bold'
(Font)                  OT1/cmr/bx/it --> OT1/cmss/m/it on input line 54.
LaTeX Font Info:    Redeclaring math alphabet \mathtt on input line 54.
LaTeX Font Info:    Overwriting math alphabet `\mathtt' in version `normal'
(Font)                  OT1/cmtt/m/n --> OT1/cmtt/m/n on input line 54.
LaTeX Font Info:    Overwriting math alphabet `\mathtt' in version `bold'
(Font)                  OT1/cmtt/m/n --> OT1/cmtt/m/n on input line 54.
LaTeX Font Info:    Overwriting symbol font `numbers' in version `bold'
(Font)                  OT1/cmss/m/n --> OT1/cmss/b/n on input line 54.
LaTeX Font Info:    Overwriting symbol font `pureletters' in version `bold'
(Font)                  OT1/cmss/m/it --> OT1/cmss/b/it on input line 54.
LaTeX Font Info:    Overwriting math alphabet `\mathrm' in version `bold'
(Font)                  OT1/cmss/b/n --> OT1/cmr/b/n on input line 54.
LaTeX Font Info:    Overwriting math alphabet `\mathbf' in version `bold'
(Font)                  OT1/cmss/b/n --> OT1/cmss/b/n on input line 54.
LaTeX Font Info:    Overwriting math alphabet `\mathsf' in version `bold'
(Font)                  OT1/cmss/m/n --> OT1/cmss/b/n on input line 54.
LaTeX Font Info:    Overwriting math alphabet `\mathit' in version `bold'
(Font)                  OT1/cmss/m/it --> OT1/cmss/b/it on input line 54.
LaTeX Font Info:    Overwriting math alphabet `\mathtt' in version `bold'
(Font)                  OT1/cmtt/m/n --> OT1/cmtt/b/n on input line 54.
LaTeX Font Info:    Redeclaring symbol font `pureletters' on input line 54.
LaTeX Font Info:    Overwriting symbol font `pureletters' in version `normal'
(Font)                  OT1/cmss/m/it --> OT1/mathkerncmss/m/sl on input line 5
4.
LaTeX Font Info:    Overwriting symbol font `pureletters' in version `bold'
(Font)                  OT1/cmss/b/it --> OT1/mathkerncmss/m/sl on input line 5
4.
LaTeX Font Info:    Overwriting symbol font `pureletters' in version `bold'
(Font)                  OT1/mathkerncmss/m/sl --> OT1/mathkerncmss/bx/sl on inp
ut line 54.

(C:\Users\Akpabli Prince Atsu\AppData\Local\Programs\MiKTeX\tex/latex/translato
r\translator-basic-dictionary-English.dict
Dictionary: translator-basic-dictionary, Language: English 
)
(C:\Users\Akpabli Prince Atsu\AppData\Local\Programs\MiKTeX\tex/latex/translato
r\translator-bibliography-dictionary-English.dict
Dictionary: translator-bibliography-dictionary, Language: English 
)
(C:\Users\Akpabli Prince Atsu\AppData\Local\Programs\MiKTeX\tex/latex/translato
r\translator-environment-dictionary-English.dict
Dictionary: translator-environment-dictionary, Language: English 
)
(C:\Users\Akpabli Prince Atsu\AppData\Local\Programs\MiKTeX\tex/latex/translato
r\translator-months-dictionary-English.dict
Dictionary: translator-months-dictionary, Language: English 
)
(C:\Users\Akpabli Prince Atsu\AppData\Local\Programs\MiKTeX\tex/latex/translato
r\translator-numbers-dictionary-English.dict
Dictionary: translator-numbers-dictionary, Language: English 
)
(C:\Users\Akpabli Prince Atsu\AppData\Local\Programs\MiKTeX\tex/latex/translato
r\translator-theorem-dictionary-English.dict
Dictionary: translator-theorem-dictionary, Language: English 
) (Measure 2026.nav)
<knust_logo.jpeg, id=12, 351.3125pt x 443.6575pt>
File: knust_logo.jpeg Graphic file (type jpg)
<use knust_logo.jpeg>
Package pdftex.def Info: knust_logo.jpeg  used on input line 54.
(pdftex.def)             Requested size: 13.51404pt x 17.07182pt.
File: knust_logo.jpeg Graphic file (type jpg)
<use knust_logo.jpeg>
Package pdftex.def Info: knust_logo.jpeg  used on input line 58.
(pdftex.def)             Requested size: 13.51404pt x 17.07182pt.
File: knust_logo.jpeg Graphic file (type jpg)
<use knust_logo.jpeg>
Package pdftex.def Info: knust_logo.jpeg  used on input line 58.
(pdftex.def)             Requested size: 13.51404pt x 17.07182pt.
 [1

{C:/Users/Akpabli Prince Atsu/AppData/Local/MiKTeX/fonts/map/pdftex/pdftex.map}
 <./knust_logo.jpeg>]
File: knust_logo.jpeg Graphic file (type jpg)
<use knust_logo.jpeg>
Package pdftex.def Info: knust_logo.jpeg  used on input line 71.
(pdftex.def)             Requested size: 13.51404pt x 17.07182pt.
File: knust_logo.jpeg Graphic file (type jpg)
<use knust_logo.jpeg>
Package pdftex.def Info: knust_logo.jpeg  used on input line 71.
(pdftex.def)             Requested size: 13.51404pt x 17.07182pt.
 [2

]
File: knust_logo.jpeg Graphic file (type jpg)
<use knust_logo.jpeg>
Package pdftex.def Info: knust_logo.jpeg  used on input line 79.
(pdftex.def)             Requested size: 13.51404pt x 17.07182pt.
File: knust_logo.jpeg Graphic file (type jpg)
<use knust_logo.jpeg>
Package pdftex.def Info: knust_logo.jpeg  used on input line 79.
(pdftex.def)             Requested size: 13.51404pt x 17.07182pt.
 [3

]
File: knust_logo.jpeg Graphic file (type jpg)
<use knust_logo.jpeg>
Package pdftex.def Info: knust_logo.jpeg  used on input line 90.
(pdftex.def)             Requested size: 13.51404pt x 17.07182pt.
<Thinking_4.jpg, id=73, 421.575pt x 748.7975pt>
File: Thinking_4.jpg Graphic file (type jpg)
<use Thinking_4.jpg>
Package pdftex.def Info: Thinking_4.jpg  used on input line 90.
(pdftex.def)             Requested size: 154.03183pt x 273.58875pt.

Overfull \vbox (52.31987pt too high) detected at line 90
 []

File: knust_logo.jpeg Graphic file (type jpg)
<use knust_logo.jpeg>
Package pdftex.def Info: knust_logo.jpeg  used on input line 90.
(pdftex.def)             Requested size: 13.51404pt x 17.07182pt.
[4

 <./Thinking_4.jpg>]
File: knust_logo.jpeg Graphic file (type jpg)
<use knust_logo.jpeg>
Package pdftex.def Info: knust_logo.jpeg  used on input line 107.
(pdftex.def)             Requested size: 13.51404pt x 17.07182pt.
LaTeX Font Info:    Trying to load font information for U+msa on input line 107
.

(C:\Users\Akpabli Prince Atsu\AppData\Local\Programs\MiKTeX\tex/latex/amsfonts\
umsa.fd
File: umsa.fd 2013/01/14 v3.01 AMS symbols A
)
LaTeX Font Info:    Trying to load font information for U+msb on input line 107
.

(C:\Users\Akpabli Prince Atsu\AppData\Local\Programs\MiKTeX\tex/latex/amsfonts\
umsb.fd
File: umsb.fd 2013/01/14 v3.01 AMS symbols B
)
LaTeX Font Info:    Trying to load font information for OT1+mathkerncmss on inp
ut line 107.

(C:\Users\Akpabli Prince Atsu\AppData\Local\Programs\MiKTeX\tex/latex/sansmatha
ccent\ot1mathkerncmss.fd
File: ot1mathkerncmss.fd 2020/01/31 Fontinst v1.933 font definitions for OT1/ma
thkerncmss.
)
File: knust_logo.jpeg Graphic file (type jpg)
<use knust_logo.jpeg>
Package pdftex.def Info: knust_logo.jpeg  used on input line 107.
(pdftex.def)             Requested size: 13.51404pt x 17.07182pt.
 [5

]
File: knust_logo.jpeg Graphic file (type jpg)
<use knust_logo.jpeg>
Package pdftex.def Info: knust_logo.jpeg  used on input line 125.
(pdftex.def)             Requested size: 13.51404pt x 17.07182pt.
File: knust_logo.jpeg Graphic file (type jpg)
<use knust_logo.jpeg>
Package pdftex.def Info: knust_logo.jpeg  used on input line 125.
(pdftex.def)             Requested size: 13.51404pt x 17.07182pt.
 [6

]
File: knust_logo.jpeg Graphic file (type jpg)
<use knust_logo.jpeg>
Package pdftex.def Info: knust_logo.jpeg  used on input line 140.
(pdftex.def)             Requested size: 13.51404pt x 17.07182pt.
File: knust_logo.jpeg Graphic file (type jpg)
<use knust_logo.jpeg>
Package pdftex.def Info: knust_logo.jpeg  used on input line 140.
(pdftex.def)             Requested size: 13.51404pt x 17.07182pt.
 [7

]
File: knust_logo.jpeg Graphic file (type jpg)
<use knust_logo.jpeg>
Package pdftex.def Info: knust_logo.jpeg  used on input line 162.
(pdftex.def)             Requested size: 13.51404pt x 17.07182pt.
File: knust_logo.jpeg Graphic file (type jpg)
<use knust_logo.jpeg>
Package pdftex.def Info: knust_logo.jpeg  used on input line 162.
(pdftex.def)             Requested size: 13.51404pt x 17.07182pt.
 [8

]
File: knust_logo.jpeg Graphic file (type jpg)
<use knust_logo.jpeg>
Package pdftex.def Info: knust_logo.jpeg  used on input line 182.
(pdftex.def)             Requested size: 13.51404pt x 17.07182pt.
File: knust_logo.jpeg Graphic file (type jpg)
<use knust_logo.jpeg>
Package pdftex.def Info: knust_logo.jpeg  used on input line 182.
(pdftex.def)             Requested size: 13.51404pt x 17.07182pt.
 [9

]
File: knust_logo.jpeg Graphic file (type jpg)
<use knust_logo.jpeg>
Package pdftex.def Info: knust_logo.jpeg  used on input line 208.
(pdftex.def)             Requested size: 13.51404pt x 17.07182pt.
File: knust_logo.jpeg Graphic file (type jpg)
<use knust_logo.jpeg>
Package pdftex.def Info: knust_logo.jpeg  used on input line 208.
(pdftex.def)             Requested size: 13.51404pt x 17.07182pt.
 [10

]
File: knust_logo.jpeg Graphic file (type jpg)
<use knust_logo.jpeg>
Package pdftex.def Info: knust_logo.jpeg  used on input line 219.
(pdftex.def)             Requested size: 13.51404pt x 17.07182pt.
File: knust_logo.jpeg Graphic file (type jpg)
<use knust_logo.jpeg>
Package pdftex.def Info: knust_logo.jpeg  used on input line 219.
(pdftex.def)             Requested size: 13.51404pt x 17.07182pt.
 [11

]
File: knust_logo.jpeg Graphic file (type jpg)
<use knust_logo.jpeg>
Package pdftex.def Info: knust_logo.jpeg  used on input line 237.
(pdftex.def)             Requested size: 13.51404pt x 17.07182pt.
File: knust_logo.jpeg Graphic file (type jpg)
<use knust_logo.jpeg>
Package pdftex.def Info: knust_logo.jpeg  used on input line 237.
(pdftex.def)             Requested size: 13.51404pt x 17.07182pt.
 [12

]
File: knust_logo.jpeg Graphic file (type jpg)
<use knust_logo.jpeg>
Package pdftex.def Info: knust_logo.jpeg  used on input line 249.
(pdftex.def)             Requested size: 13.51404pt x 17.07182pt.
File: knust_logo.jpeg Graphic file (type jpg)
<use knust_logo.jpeg>
Package pdftex.def Info: knust_logo.jpeg  used on input line 249.
(pdftex.def)             Requested size: 13.51404pt x 17.07182pt.
 [13

]
File: knust_logo.jpeg Graphic file (type jpg)
<use knust_logo.jpeg>
Package pdftex.def Info: knust_logo.jpeg  used on input line 260.
(pdftex.def)             Requested size: 13.51404pt x 17.07182pt.
File: knust_logo.jpeg Graphic file (type jpg)
<use knust_logo.jpeg>
Package pdftex.def Info: knust_logo.jpeg  used on input line 260.
(pdftex.def)             Requested size: 13.51404pt x 17.07182pt.
 [14

]
File: knust_logo.jpeg Graphic file (type jpg)
<use knust_logo.jpeg>
Package pdftex.def Info: knust_logo.jpeg  used on input line 272.
(pdftex.def)             Requested size: 13.51404pt x 17.07182pt.
File: knust_logo.jpeg Graphic file (type jpg)
<use knust_logo.jpeg>
Package pdftex.def Info: knust_logo.jpeg  used on input line 272.
(pdftex.def)             Requested size: 13.51404pt x 17.07182pt.
 [15

]
File: knust_logo.jpeg Graphic file (type jpg)
<use knust_logo.jpeg>
Package pdftex.def Info: knust_logo.jpeg  used on input line 283.
(pdftex.def)             Requested size: 13.51404pt x 17.07182pt.
File: knust_logo.jpeg Graphic file (type jpg)
<use knust_logo.jpeg>
Package pdftex.def Info: knust_logo.jpeg  used on input line 283.
(pdftex.def)             Requested size: 13.51404pt x 17.07182pt.

[16

]
File: knust_logo.jpeg Graphic file (type jpg)
<use knust_logo.jpeg>
Package pdftex.def Info: knust_logo.jpeg  used on input line 293.
(pdftex.def)             Requested size: 13.51404pt x 17.07182pt.
File: knust_logo.jpeg Graphic file (type jpg)
<use knust_logo.jpeg>
Package pdftex.def Info: knust_logo.jpeg  used on input line 293.
(pdftex.def)             Requested size: 13.51404pt x 17.07182pt.
 [17

]
File: knust_logo.jpeg Graphic file (type jpg)
<use knust_logo.jpeg>
Package pdftex.def Info: knust_logo.jpeg  used on input line 305.
(pdftex.def)             Requested size: 13.51404pt x 17.07182pt.
File: knust_logo.jpeg Graphic file (type jpg)
<use knust_logo.jpeg>
Package pdftex.def Info: knust_logo.jpeg  used on input line 305.
(pdftex.def)             Requested size: 13.51404pt x 17.07182pt.
 [18

]
File: knust_logo.jpeg Graphic file (type jpg)
<use knust_logo.jpeg>
Package pdftex.def Info: knust_logo.jpeg  used on input line 321.
(pdftex.def)             Requested size: 13.51404pt x 17.07182pt.
File: knust_logo.jpeg Graphic file (type jpg)
<use knust_logo.jpeg>
Package pdftex.def Info: knust_logo.jpeg  used on input line 321.
(pdftex.def)             Requested size: 13.51404pt x 17.07182pt.
 [19

]
File: knust_logo.jpeg Graphic file (type jpg)
<use knust_logo.jpeg>
Package pdftex.def Info: knust_logo.jpeg  used on input line 326.
(pdftex.def)             Requested size: 13.51404pt x 17.07182pt.
File: knust_logo.jpeg Graphic file (type jpg)
<use knust_logo.jpeg>
Package pdftex.def Info: knust_logo.jpeg  used on input line 326.
(pdftex.def)             Requested size: 13.51404pt x 17.07182pt.
 [20

]
File: knust_logo.jpeg Graphic file (type jpg)
<use knust_logo.jpeg>
Package pdftex.def Info: knust_logo.jpeg  used on input line 337.
(pdftex.def)             Requested size: 13.51404pt x 17.07182pt.
File: knust_logo.jpeg Graphic file (type jpg)
<use knust_logo.jpeg>
Package pdftex.def Info: knust_logo.jpeg  used on input line 337.
(pdftex.def)             Requested size: 13.51404pt x 17.07182pt.
 [21

]
File: knust_logo.jpeg Graphic file (type jpg)
<use knust_logo.jpeg>
Package pdftex.def Info: knust_logo.jpeg  used on input line 353.
(pdftex.def)             Requested size: 13.51404pt x 17.07182pt.
File: knust_logo.jpeg Graphic file (type jpg)
<use knust_logo.jpeg>
Package pdftex.def Info: knust_logo.jpeg  used on input line 353.
(pdftex.def)             Requested size: 13.51404pt x 17.07182pt.
 [22

]
File: knust_logo.jpeg Graphic file (type jpg)
<use knust_logo.jpeg>
Package pdftex.def Info: knust_logo.jpeg  used on input line 367.
(pdftex.def)             Requested size: 13.51404pt x 17.07182pt.
File: knust_logo.jpeg Graphic file (type jpg)
<use knust_logo.jpeg>
Package pdftex.def Info: knust_logo.jpeg  used on input line 367.
(pdftex.def)             Requested size: 13.51404pt x 17.07182pt.
 [23

]
File: knust_logo.jpeg Graphic file (type jpg)
<use knust_logo.jpeg>
Package pdftex.def Info: knust_logo.jpeg  used on input line 378.
(pdftex.def)             Requested size: 13.51404pt x 17.07182pt.
File: knust_logo.jpeg Graphic file (type jpg)
<use knust_logo.jpeg>
Package pdftex.def Info: knust_logo.jpeg  used on input line 378.
(pdftex.def)             Requested size: 13.51404pt x 17.07182pt.
 [24

]
File: knust_logo.jpeg Graphic file (type jpg)
<use knust_logo.jpeg>
Package pdftex.def Info: knust_logo.jpeg  used on input line 388.
(pdftex.def)             Requested size: 13.51404pt x 17.07182pt.
File: knust_logo.jpeg Graphic file (type jpg)
<use knust_logo.jpeg>
Package pdftex.def Info: knust_logo.jpeg  used on input line 388.
(pdftex.def)             Requested size: 13.51404pt x 17.07182pt.
 [25

]
File: knust_logo.jpeg Graphic file (type jpg)
<use knust_logo.jpeg>
Package pdftex.def Info: knust_logo.jpeg  used on input line 405.
(pdftex.def)             Requested size: 13.51404pt x 17.07182pt.
File: knust_logo.jpeg Graphic file (type jpg)
<use knust_logo.jpeg>
Package pdftex.def Info: knust_logo.jpeg  used on input line 405.
(pdftex.def)             Requested size: 13.51404pt x 17.07182pt.
 [26

]
File: knust_logo.jpeg Graphic file (type jpg)
<use knust_logo.jpeg>
Package pdftex.def Info: knust_logo.jpeg  used on input line 417.
(pdftex.def)             Requested size: 13.51404pt x 17.07182pt.
File: knust_logo.jpeg Graphic file (type jpg)
<use knust_logo.jpeg>
Package pdftex.def Info: knust_logo.jpeg  used on input line 417.
(pdftex.def)             Requested size: 13.51404pt x 17.07182pt.
 [27

]
File: knust_logo.jpeg Graphic file (type jpg)
<use knust_logo.jpeg>
Package pdftex.def Info: knust_logo.jpeg  used on input line 437.
(pdftex.def)             Requested size: 13.51404pt x 17.07182pt.
File: knust_logo.jpeg Graphic file (type jpg)
<use knust_logo.jpeg>
Package pdftex.def Info: knust_logo.jpeg  used on input line 437.
(pdftex.def)             Requested size: 13.51404pt x 17.07182pt.
 [28

]
File: knust_logo.jpeg Graphic file (type jpg)
<use knust_logo.jpeg>
Package pdftex.def Info: knust_logo.jpeg  used on input line 457.
(pdftex.def)             Requested size: 13.51404pt x 17.07182pt.
File: knust_logo.jpeg Graphic file (type jpg)
<use knust_logo.jpeg>
Package pdftex.def Info: knust_logo.jpeg  used on input line 457.
(pdftex.def)             Requested size: 13.51404pt x 17.07182pt.
 [29

]
File: knust_logo.jpeg Graphic file (type jpg)
<use knust_logo.jpeg>
Package pdftex.def Info: knust_logo.jpeg  used on input line 474.
(pdftex.def)             Requested size: 13.51404pt x 17.07182pt.
File: knust_logo.jpeg Graphic file (type jpg)
<use knust_logo.jpeg>
Package pdftex.def Info: knust_logo.jpeg  used on input line 474.
(pdftex.def)             Requested size: 13.51404pt x 17.07182pt.
 [30

]
File: knust_logo.jpeg Graphic file (type jpg)
<use knust_logo.jpeg>
Package pdftex.def Info: knust_logo.jpeg  used on input line 481.
(pdftex.def)             Requested size: 13.51404pt x 17.07182pt.
File: knust_logo.jpeg Graphic file (type jpg)
<use knust_logo.jpeg>
Package pdftex.def Info: knust_logo.jpeg  used on input line 481.
(pdftex.def)             Requested size: 13.51404pt x 17.07182pt.

[31

]
File: knust_logo.jpeg Graphic file (type jpg)
<use knust_logo.jpeg>
Package pdftex.def Info: knust_logo.jpeg  used on input line 495.
(pdftex.def)             Requested size: 13.51404pt x 17.07182pt.
File: knust_logo.jpeg Graphic file (type jpg)
<use knust_logo.jpeg>
Package pdftex.def Info: knust_logo.jpeg  used on input line 495.
(pdftex.def)             Requested size: 13.51404pt x 17.07182pt.
 [32

]
File: knust_logo.jpeg Graphic file (type jpg)
<use knust_logo.jpeg>
Package pdftex.def Info: knust_logo.jpeg  used on input line 514.
(pdftex.def)             Requested size: 13.51404pt x 17.07182pt.
File: knust_logo.jpeg Graphic file (type jpg)
<use knust_logo.jpeg>
Package pdftex.def Info: knust_logo.jpeg  used on input line 514.
(pdftex.def)             Requested size: 13.51404pt x 17.07182pt.
 [33

]
File: knust_logo.jpeg Graphic file (type jpg)
<use knust_logo.jpeg>
Package pdftex.def Info: knust_logo.jpeg  used on input line 526.
(pdftex.def)             Requested size: 13.51404pt x 17.07182pt.
File: knust_logo.jpeg Graphic file (type jpg)
<use knust_logo.jpeg>
Package pdftex.def Info: knust_logo.jpeg  used on input line 526.
(pdftex.def)             Requested size: 13.51404pt x 17.07182pt.
 [34

]
File: knust_logo.jpeg Graphic file (type jpg)
<use knust_logo.jpeg>
Package pdftex.def Info: knust_logo.jpeg  used on input line 544.
(pdftex.def)             Requested size: 13.51404pt x 17.07182pt.
File: knust_logo.jpeg Graphic file (type jpg)
<use knust_logo.jpeg>
Package pdftex.def Info: knust_logo.jpeg  used on input line 544.
(pdftex.def)             Requested size: 13.51404pt x 17.07182pt.
 [35

]
File: knust_logo.jpeg Graphic file (type jpg)
<use knust_logo.jpeg>
Package pdftex.def Info: knust_logo.jpeg  used on input line 550.
(pdftex.def)             Requested size: 13.51404pt x 17.07182pt.
File: knust_logo.jpeg Graphic file (type jpg)
<use knust_logo.jpeg>
Package pdftex.def Info: knust_logo.jpeg  used on input line 550.
(pdftex.def)             Requested size: 13.51404pt x 17.07182pt.
 [36

]
File: knust_logo.jpeg Graphic file (type jpg)
<use knust_logo.jpeg>
Package pdftex.def Info: knust_logo.jpeg  used on input line 566.
(pdftex.def)             Requested size: 13.51404pt x 17.07182pt.
File: knust_logo.jpeg Graphic file (type jpg)
<use knust_logo.jpeg>
Package pdftex.def Info: knust_logo.jpeg  used on input line 566.
(pdftex.def)             Requested size: 13.51404pt x 17.07182pt.
 [37

]
File: knust_logo.jpeg Graphic file (type jpg)
<use knust_logo.jpeg>
Package pdftex.def Info: knust_logo.jpeg  used on input line 598.
(pdftex.def)             Requested size: 13.51404pt x 17.07182pt.
File: knust_logo.jpeg Graphic file (type jpg)
<use knust_logo.jpeg>
Package pdftex.def Info: knust_logo.jpeg  used on input line 598.
(pdftex.def)             Requested size: 13.51404pt x 17.07182pt.
 [38

]
File: knust_logo.jpeg Graphic file (type jpg)
<use knust_logo.jpeg>
Package pdftex.def Info: knust_logo.jpeg  used on input line 626.
(pdftex.def)             Requested size: 13.51404pt x 17.07182pt.
File: knust_logo.jpeg Graphic file (type jpg)
<use knust_logo.jpeg>
Package pdftex.def Info: knust_logo.jpeg  used on input line 626.
(pdftex.def)             Requested size: 13.51404pt x 17.07182pt.
 [39

]
File: knust_logo.jpeg Graphic file (type jpg)
<use knust_logo.jpeg>
Package pdftex.def Info: knust_logo.jpeg  used on input line 650.
(pdftex.def)             Requested size: 13.51404pt x 17.07182pt.
File: knust_logo.jpeg Graphic file (type jpg)
<use knust_logo.jpeg>
Package pdftex.def Info: knust_logo.jpeg  used on input line 650.
(pdftex.def)             Requested size: 13.51404pt x 17.07182pt.
 [40

]
File: knust_logo.jpeg Graphic file (type jpg)
<use knust_logo.jpeg>
Package pdftex.def Info: knust_logo.jpeg  used on input line 670.
(pdftex.def)             Requested size: 13.51404pt x 17.07182pt.
File: knust_logo.jpeg Graphic file (type jpg)
<use knust_logo.jpeg>
Package pdftex.def Info: knust_logo.jpeg  used on input line 670.
(pdftex.def)             Requested size: 13.51404pt x 17.07182pt.
 [41

]
File: knust_logo.jpeg Graphic file (type jpg)
<use knust_logo.jpeg>
Package pdftex.def Info: knust_logo.jpeg  used on input line 688.
(pdftex.def)             Requested size: 13.51404pt x 17.07182pt.
File: knust_logo.jpeg Graphic file (type jpg)
<use knust_logo.jpeg>
Package pdftex.def Info: knust_logo.jpeg  used on input line 688.
(pdftex.def)             Requested size: 13.51404pt x 17.07182pt.
 [42

]
File: knust_logo.jpeg Graphic file (type jpg)
<use knust_logo.jpeg>
Package pdftex.def Info: knust_logo.jpeg  used on input line 698.
(pdftex.def)             Requested size: 13.51404pt x 17.07182pt.
File: knust_logo.jpeg Graphic file (type jpg)
<use knust_logo.jpeg>
Package pdftex.def Info: knust_logo.jpeg  used on input line 698.
(pdftex.def)             Requested size: 13.51404pt x 17.07182pt.
 [43

]
File: knust_logo.jpeg Graphic file (type jpg)
<use knust_logo.jpeg>
Package pdftex.def Info: knust_logo.jpeg  used on input line 715.
(pdftex.def)             Requested size: 13.51404pt x 17.07182pt.
File: knust_logo.jpeg Graphic file (type jpg)
<use knust_logo.jpeg>
Package pdftex.def Info: knust_logo.jpeg  used on input line 715.
(pdftex.def)             Requested size: 13.51404pt x 17.07182pt.
 [44

]
File: knust_logo.jpeg Graphic file (type jpg)
<use knust_logo.jpeg>
Package pdftex.def Info: knust_logo.jpeg  used on input line 743.
(pdftex.def)             Requested size: 13.51404pt x 17.07182pt.
File: knust_logo.jpeg Graphic file (type jpg)
<use knust_logo.jpeg>
Package pdftex.def Info: knust_logo.jpeg  used on input line 743.
(pdftex.def)             Requested size: 13.51404pt x 17.07182pt.
 [45

]
File: knust_logo.jpeg Graphic file (type jpg)
<use knust_logo.jpeg>
Package pdftex.def Info: knust_logo.jpeg  used on input line 763.
(pdftex.def)             Requested size: 13.51404pt x 17.07182pt.
File: knust_logo.jpeg Graphic file (type jpg)
<use knust_logo.jpeg>
Package pdftex.def Info: knust_logo.jpeg  used on input line 763.
(pdftex.def)             Requested size: 13.51404pt x 17.07182pt.

[46

]
File: knust_logo.jpeg Graphic file (type jpg)
<use knust_logo.jpeg>
Package pdftex.def Info: knust_logo.jpeg  used on input line 777.
(pdftex.def)             Requested size: 13.51404pt x 17.07182pt.
File: knust_logo.jpeg Graphic file (type jpg)
<use knust_logo.jpeg>
Package pdftex.def Info: knust_logo.jpeg  used on input line 777.
(pdftex.def)             Requested size: 13.51404pt x 17.07182pt.
 [47

]
File: knust_logo.jpeg Graphic file (type jpg)
<use knust_logo.jpeg>
Package pdftex.def Info: knust_logo.jpeg  used on input line 799.
(pdftex.def)             Requested size: 13.51404pt x 17.07182pt.
File: knust_logo.jpeg Graphic file (type jpg)
<use knust_logo.jpeg>
Package pdftex.def Info: knust_logo.jpeg  used on input line 799.
(pdftex.def)             Requested size: 13.51404pt x 17.07182pt.
 [48

]
File: knust_logo.jpeg Graphic file (type jpg)
<use knust_logo.jpeg>
Package pdftex.def Info: knust_logo.jpeg  used on input line 812.
(pdftex.def)             Requested size: 13.51404pt x 17.07182pt.
File: knust_logo.jpeg Graphic file (type jpg)
<use knust_logo.jpeg>
Package pdftex.def Info: knust_logo.jpeg  used on input line 812.
(pdftex.def)             Requested size: 13.51404pt x 17.07182pt.
 [49

]
File: knust_logo.jpeg Graphic file (type jpg)
<use knust_logo.jpeg>
Package pdftex.def Info: knust_logo.jpeg  used on input line 822.
(pdftex.def)             Requested size: 13.51404pt x 17.07182pt.
File: knust_logo.jpeg Graphic file (type jpg)
<use knust_logo.jpeg>
Package pdftex.def Info: knust_logo.jpeg  used on input line 822.
(pdftex.def)             Requested size: 13.51404pt x 17.07182pt.
 [50

]
File: knust_logo.jpeg Graphic file (type jpg)
<use knust_logo.jpeg>
Package pdftex.def Info: knust_logo.jpeg  used on input line 837.
(pdftex.def)             Requested size: 13.51404pt x 17.07182pt.
File: knust_logo.jpeg Graphic file (type jpg)
<use knust_logo.jpeg>
Package pdftex.def Info: knust_logo.jpeg  used on input line 837.
(pdftex.def)             Requested size: 13.51404pt x 17.07182pt.
 [51

]
File: knust_logo.jpeg Graphic file (type jpg)
<use knust_logo.jpeg>
Package pdftex.def Info: knust_logo.jpeg  used on input line 852.
(pdftex.def)             Requested size: 13.51404pt x 17.07182pt.
File: knust_logo.jpeg Graphic file (type jpg)
<use knust_logo.jpeg>
Package pdftex.def Info: knust_logo.jpeg  used on input line 852.
(pdftex.def)             Requested size: 13.51404pt x 17.07182pt.
 [52

]
File: knust_logo.jpeg Graphic file (type jpg)
<use knust_logo.jpeg>
Package pdftex.def Info: knust_logo.jpeg  used on input line 871.
(pdftex.def)             Requested size: 13.51404pt x 17.07182pt.
File: knust_logo.jpeg Graphic file (type jpg)
<use knust_logo.jpeg>
Package pdftex.def Info: knust_logo.jpeg  used on input line 871.
(pdftex.def)             Requested size: 13.51404pt x 17.07182pt.
 [53

]
File: knust_logo.jpeg Graphic file (type jpg)
<use knust_logo.jpeg>
Package pdftex.def Info: knust_logo.jpeg  used on input line 882.
(pdftex.def)             Requested size: 13.51404pt x 17.07182pt.
File: knust_logo.jpeg Graphic file (type jpg)
<use knust_logo.jpeg>
Package pdftex.def Info: knust_logo.jpeg  used on input line 882.
(pdftex.def)             Requested size: 13.51404pt x 17.07182pt.
 [54

]
File: knust_logo.jpeg Graphic file (type jpg)
<use knust_logo.jpeg>
Package pdftex.def Info: knust_logo.jpeg  used on input line 890.
(pdftex.def)             Requested size: 13.51404pt x 17.07182pt.
File: knust_logo.jpeg Graphic file (type jpg)
<use knust_logo.jpeg>
Package pdftex.def Info: knust_logo.jpeg  used on input line 890.
(pdftex.def)             Requested size: 13.51404pt x 17.07182pt.
 [55

]
File: knust_logo.jpeg Graphic file (type jpg)
<use knust_logo.jpeg>
Package pdftex.def Info: knust_logo.jpeg  used on input line 900.
(pdftex.def)             Requested size: 13.51404pt x 17.07182pt.
File: knust_logo.jpeg Graphic file (type jpg)
<use knust_logo.jpeg>
Package pdftex.def Info: knust_logo.jpeg  used on input line 900.
(pdftex.def)             Requested size: 13.51404pt x 17.07182pt.
 [56

]
File: knust_logo.jpeg Graphic file (type jpg)
<use knust_logo.jpeg>
Package pdftex.def Info: knust_logo.jpeg  used on input line 916.
(pdftex.def)             Requested size: 13.51404pt x 17.07182pt.
File: knust_logo.jpeg Graphic file (type jpg)
<use knust_logo.jpeg>
Package pdftex.def Info: knust_logo.jpeg  used on input line 916.
(pdftex.def)             Requested size: 13.51404pt x 17.07182pt.
 [57

]
File: knust_logo.jpeg Graphic file (type jpg)
<use knust_logo.jpeg>
Package pdftex.def Info: knust_logo.jpeg  used on input line 923.
(pdftex.def)             Requested size: 13.51404pt x 17.07182pt.
File: knust_logo.jpeg Graphic file (type jpg)
<use knust_logo.jpeg>
Package pdftex.def Info: knust_logo.jpeg  used on input line 923.
(pdftex.def)             Requested size: 13.51404pt x 17.07182pt.
 [58

]
File: knust_logo.jpeg Graphic file (type jpg)
<use knust_logo.jpeg>
Package pdftex.def Info: knust_logo.jpeg  used on input line 933.
(pdftex.def)             Requested size: 13.51404pt x 17.07182pt.
File: knust_logo.jpeg Graphic file (type jpg)
<use knust_logo.jpeg>
Package pdftex.def Info: knust_logo.jpeg  used on input line 933.
(pdftex.def)             Requested size: 13.51404pt x 17.07182pt.
 [59

]
File: knust_logo.jpeg Graphic file (type jpg)
<use knust_logo.jpeg>
Package pdftex.def Info: knust_logo.jpeg  used on input line 939.
(pdftex.def)             Requested size: 13.51404pt x 17.07182pt.
File: knust_logo.jpeg Graphic file (type jpg)
<use knust_logo.jpeg>
Package pdftex.def Info: knust_logo.jpeg  used on input line 939.
(pdftex.def)             Requested size: 13.51404pt x 17.07182pt.
 [60

]
File: knust_logo.jpeg Graphic file (type jpg)
<use knust_logo.jpeg>
Package pdftex.def Info: knust_logo.jpeg  used on input line 954.
(pdftex.def)             Requested size: 13.51404pt x 17.07182pt.
File: knust_logo.jpeg Graphic file (type jpg)
<use knust_logo.jpeg>
Package pdftex.def Info: knust_logo.jpeg  used on input line 954.
(pdftex.def)             Requested size: 13.51404pt x 17.07182pt.

[61

]
File: knust_logo.jpeg Graphic file (type jpg)
<use knust_logo.jpeg>
Package pdftex.def Info: knust_logo.jpeg  used on input line 966.
(pdftex.def)             Requested size: 13.51404pt x 17.07182pt.
File: knust_logo.jpeg Graphic file (type jpg)
<use knust_logo.jpeg>
Package pdftex.def Info: knust_logo.jpeg  used on input line 966.
(pdftex.def)             Requested size: 13.51404pt x 17.07182pt.
 [62

]
File: knust_logo.jpeg Graphic file (type jpg)
<use knust_logo.jpeg>
Package pdftex.def Info: knust_logo.jpeg  used on input line 972.
(pdftex.def)             Requested size: 13.51404pt x 17.07182pt.
File: knust_logo.jpeg Graphic file (type jpg)
<use knust_logo.jpeg>
Package pdftex.def Info: knust_logo.jpeg  used on input line 972.
(pdftex.def)             Requested size: 13.51404pt x 17.07182pt.
 [63

]
File: knust_logo.jpeg Graphic file (type jpg)
<use knust_logo.jpeg>
Package pdftex.def Info: knust_logo.jpeg  used on input line 992.
(pdftex.def)             Requested size: 13.51404pt x 17.07182pt.
File: knust_logo.jpeg Graphic file (type jpg)
<use knust_logo.jpeg>
Package pdftex.def Info: knust_logo.jpeg  used on input line 992.
(pdftex.def)             Requested size: 13.51404pt x 17.07182pt.
 [64

]
File: knust_logo.jpeg Graphic file (type jpg)
<use knust_logo.jpeg>
Package pdftex.def Info: knust_logo.jpeg  used on input line 1009.
(pdftex.def)             Requested size: 13.51404pt x 17.07182pt.
File: knust_logo.jpeg Graphic file (type jpg)
<use knust_logo.jpeg>
Package pdftex.def Info: knust_logo.jpeg  used on input line 1009.
(pdftex.def)             Requested size: 13.51404pt x 17.07182pt.
 [65

]
File: knust_logo.jpeg Graphic file (type jpg)
<use knust_logo.jpeg>
Package pdftex.def Info: knust_logo.jpeg  used on input line 1015.
(pdftex.def)             Requested size: 13.51404pt x 17.07182pt.
File: knust_logo.jpeg Graphic file (type jpg)
<use knust_logo.jpeg>
Package pdftex.def Info: knust_logo.jpeg  used on input line 1015.
(pdftex.def)             Requested size: 13.51404pt x 17.07182pt.
 [66

]
File: knust_logo.jpeg Graphic file (type jpg)
<use knust_logo.jpeg>
Package pdftex.def Info: knust_logo.jpeg  used on input line 1032.
(pdftex.def)             Requested size: 13.51404pt x 17.07182pt.
File: knust_logo.jpeg Graphic file (type jpg)
<use knust_logo.jpeg>
Package pdftex.def Info: knust_logo.jpeg  used on input line 1032.
(pdftex.def)             Requested size: 13.51404pt x 17.07182pt.
 [67

]
File: knust_logo.jpeg Graphic file (type jpg)
<use knust_logo.jpeg>
Package pdftex.def Info: knust_logo.jpeg  used on input line 1046.
(pdftex.def)             Requested size: 13.51404pt x 17.07182pt.
File: knust_logo.jpeg Graphic file (type jpg)
<use knust_logo.jpeg>
Package pdftex.def Info: knust_logo.jpeg  used on input line 1046.
(pdftex.def)             Requested size: 13.51404pt x 17.07182pt.
 [68

]
File: knust_logo.jpeg Graphic file (type jpg)
<use knust_logo.jpeg>
Package pdftex.def Info: knust_logo.jpeg  used on input line 1057.
(pdftex.def)             Requested size: 13.51404pt x 17.07182pt.
File: knust_logo.jpeg Graphic file (type jpg)
<use knust_logo.jpeg>
Package pdftex.def Info: knust_logo.jpeg  used on input line 1057.
(pdftex.def)             Requested size: 13.51404pt x 17.07182pt.
 [69

]
File: knust_logo.jpeg Graphic file (type jpg)
<use knust_logo.jpeg>
Package pdftex.def Info: knust_logo.jpeg  used on input line 1071.
(pdftex.def)             Requested size: 13.51404pt x 17.07182pt.
File: knust_logo.jpeg Graphic file (type jpg)
<use knust_logo.jpeg>
Package pdftex.def Info: knust_logo.jpeg  used on input line 1071.
(pdftex.def)             Requested size: 13.51404pt x 17.07182pt.
 [70

]
File: knust_logo.jpeg Graphic file (type jpg)
<use knust_logo.jpeg>
Package pdftex.def Info: knust_logo.jpeg  used on input line 1088.
(pdftex.def)             Requested size: 13.51404pt x 17.07182pt.
File: knust_logo.jpeg Graphic file (type jpg)
<use knust_logo.jpeg>
Package pdftex.def Info: knust_logo.jpeg  used on input line 1088.
(pdftex.def)             Requested size: 13.51404pt x 17.07182pt.
 [71

]
File: knust_logo.jpeg Graphic file (type jpg)
<use knust_logo.jpeg>
Package pdftex.def Info: knust_logo.jpeg  used on input line 1100.
(pdftex.def)             Requested size: 13.51404pt x 17.07182pt.
File: knust_logo.jpeg Graphic file (type jpg)
<use knust_logo.jpeg>
Package pdftex.def Info: knust_logo.jpeg  used on input line 1100.
(pdftex.def)             Requested size: 13.51404pt x 17.07182pt.
 [72

]
File: knust_logo.jpeg Graphic file (type jpg)
<use knust_logo.jpeg>
Package pdftex.def Info: knust_logo.jpeg  used on input line 1107.
(pdftex.def)             Requested size: 13.51404pt x 17.07182pt.
File: knust_logo.jpeg Graphic file (type jpg)
<use knust_logo.jpeg>
Package pdftex.def Info: knust_logo.jpeg  used on input line 1107.
(pdftex.def)             Requested size: 13.51404pt x 17.07182pt.
 [73

]
File: knust_logo.jpeg Graphic file (type jpg)
<use knust_logo.jpeg>
Package pdftex.def Info: knust_logo.jpeg  used on input line 1118.
(pdftex.def)             Requested size: 13.51404pt x 17.07182pt.
<non-measurable.png, id=1404, 1541.76pt x 1027.84pt>
File: non-measurable.png Graphic file (type png)
<use non-measurable.png>
Package pdftex.def Info: non-measurable.png  used on input line 1118.
(pdftex.def)             Requested size: 308.06367pt x 205.37614pt.

Overfull \vbox (14.51668pt too high) detected at line 1118
 []

File: knust_logo.jpeg Graphic file (type jpg)
<use knust_logo.jpeg>
Package pdftex.def Info: knust_logo.jpeg  used on input line 1118.
(pdftex.def)             Requested size: 13.51404pt x 17.07182pt.
[74

 <./non-measurable.png (PNG copy)>]
File: knust_logo.jpeg Graphic file (type jpg)
<use knust_logo.jpeg>
Package pdftex.def Info: knust_logo.jpeg  used on input line 1142.
(pdftex.def)             Requested size: 13.51404pt x 17.07182pt.
File: knust_logo.jpeg Graphic file (type jpg)
<use knust_logo.jpeg>
Package pdftex.def Info: knust_logo.jpeg  used on input line 1142.
(pdftex.def)             Requested size: 13.51404pt x 17.07182pt.
 [75

]
File: knust_logo.jpeg Graphic file (type jpg)
<use knust_logo.jpeg>
Package pdftex.def Info: knust_logo.jpeg  used on input line 1147.
(pdftex.def)             Requested size: 13.51404pt x 17.07182pt.
File: knust_logo.jpeg Graphic file (type jpg)
<use knust_logo.jpeg>
Package pdftex.def Info: knust_logo.jpeg  used on input line 1147.
(pdftex.def)             Requested size: 13.51404pt x 17.07182pt.
 [76

]
File: knust_logo.jpeg Graphic file (type jpg)
<use knust_logo.jpeg>
Package pdftex.def Info: knust_logo.jpeg  used on input line 1159.
(pdftex.def)             Requested size: 13.51404pt x 17.07182pt.
File: knust_logo.jpeg Graphic file (type jpg)
<use knust_logo.jpeg>
Package pdftex.def Info: knust_logo.jpeg  used on input line 1159.
(pdftex.def)             Requested size: 13.51404pt x 17.07182pt.
 [77

]
File: knust_logo.jpeg Graphic file (type jpg)
<use knust_logo.jpeg>
Package pdftex.def Info: knust_logo.jpeg  used on input line 1185.
(pdftex.def)             Requested size: 13.51404pt x 17.07182pt.
File: knust_logo.jpeg Graphic file (type jpg)
<use knust_logo.jpeg>
Package pdftex.def Info: knust_logo.jpeg  used on input line 1185.
(pdftex.def)             Requested size: 13.51404pt x 17.07182pt.
 [78

]
File: knust_logo.jpeg Graphic file (type jpg)
<use knust_logo.jpeg>
Package pdftex.def Info: knust_logo.jpeg  used on input line 1199.
(pdftex.def)             Requested size: 13.51404pt x 17.07182pt.
File: knust_logo.jpeg Graphic file (type jpg)
<use knust_logo.jpeg>
Package pdftex.def Info: knust_logo.jpeg  used on input line 1199.
(pdftex.def)             Requested size: 13.51404pt x 17.07182pt.
 [79

]
File: knust_logo.jpeg Graphic file (type jpg)
<use knust_logo.jpeg>
Package pdftex.def Info: knust_logo.jpeg  used on input line 1223.
(pdftex.def)             Requested size: 13.51404pt x 17.07182pt.
File: knust_logo.jpeg Graphic file (type jpg)
<use knust_logo.jpeg>
Package pdftex.def Info: knust_logo.jpeg  used on input line 1223.
(pdftex.def)             Requested size: 13.51404pt x 17.07182pt.
 [80

]
File: knust_logo.jpeg Graphic file (type jpg)
<use knust_logo.jpeg>
Package pdftex.def Info: knust_logo.jpeg  used on input line 1240.
(pdftex.def)             Requested size: 13.51404pt x 17.07182pt.
File: knust_logo.jpeg Graphic file (type jpg)
<use knust_logo.jpeg>
Package pdftex.def Info: knust_logo.jpeg  used on input line 1240.
(pdftex.def)             Requested size: 13.51404pt x 17.07182pt.
 [81

]
File: knust_logo.jpeg Graphic file (type jpg)
<use knust_logo.jpeg>
Package pdftex.def Info: knust_logo.jpeg  used on input line 1269.
(pdftex.def)             Requested size: 13.51404pt x 17.07182pt.
File: knust_logo.jpeg Graphic file (type jpg)
<use knust_logo.jpeg>
Package pdftex.def Info: knust_logo.jpeg  used on input line 1269.
(pdftex.def)             Requested size: 13.51404pt x 17.07182pt.

[82

]
File: knust_logo.jpeg Graphic file (type jpg)
<use knust_logo.jpeg>
Package pdftex.def Info: knust_logo.jpeg  used on input line 1289.
(pdftex.def)             Requested size: 13.51404pt x 17.07182pt.
File: knust_logo.jpeg Graphic file (type jpg)
<use knust_logo.jpeg>
Package pdftex.def Info: knust_logo.jpeg  used on input line 1289.
(pdftex.def)             Requested size: 13.51404pt x 17.07182pt.
 [83

]
File: knust_logo.jpeg Graphic file (type jpg)
<use knust_logo.jpeg>
Package pdftex.def Info: knust_logo.jpeg  used on input line 1301.
(pdftex.def)             Requested size: 13.51404pt x 17.07182pt.
File: knust_logo.jpeg Graphic file (type jpg)
<use knust_logo.jpeg>
Package pdftex.def Info: knust_logo.jpeg  used on input line 1301.
(pdftex.def)             Requested size: 13.51404pt x 17.07182pt.
 [84

]
File: knust_logo.jpeg Graphic file (type jpg)
<use knust_logo.jpeg>
Package pdftex.def Info: knust_logo.jpeg  used on input line 1328.
(pdftex.def)             Requested size: 13.51404pt x 17.07182pt.
File: knust_logo.jpeg Graphic file (type jpg)
<use knust_logo.jpeg>
Package pdftex.def Info: knust_logo.jpeg  used on input line 1328.
(pdftex.def)             Requested size: 13.51404pt x 17.07182pt.
 [85

]
File: knust_logo.jpeg Graphic file (type jpg)
<use knust_logo.jpeg>
Package pdftex.def Info: knust_logo.jpeg  used on input line 1339.
(pdftex.def)             Requested size: 13.51404pt x 17.07182pt.
File: knust_logo.jpeg Graphic file (type jpg)
<use knust_logo.jpeg>
Package pdftex.def Info: knust_logo.jpeg  used on input line 1339.
(pdftex.def)             Requested size: 13.51404pt x 17.07182pt.
 [86

]
\tf@nav=\write6
\openout6 = `"Measure 2026.nav"'.

\tf@toc=\write7
\openout7 = `"Measure 2026.toc"'.

\tf@snm=\write8
\openout8 = `"Measure 2026.snm"'.

 (Measure 2026.aux)
 ***********
LaTeX2e <2025-11-01>
L3 programming layer <2025-11-06>
 ***********
Package rerunfilecheck Info: File `"Measure 2026".out' has not changed.
(rerunfilecheck)             Checksum: D41D8CD98F00B204E9800998ECF8427E;0.
 ) 
Here is how much of TeX's memory you used:
 22834 strings out of 467871
 461013 string characters out of 5411563
 821281 words of memory out of 5000000
 51079 multiletter control sequences out of 15000+600000
 643122 words of font info for 95 fonts, out of 8000000 for 9000
 1141 hyphenation exceptions out of 8191
 128i,19n,123p,391b,836s stack positions out of 10000i,1000n,20000p,200000b,200000s
<C:/Users/Akpabli Prince Atsu/AppData/Local/Programs/MiKTeX/fonts/type1/publi
c/amsfonts/cm/cmex10.pfb><C:/Users/Akpabli Prince Atsu/AppData/Local/Programs/M
iKTeX/fonts/type1/public/amsfonts/cm/cmmi10.pfb><C:/Users/Akpabli Prince Atsu/A
ppData/Local/Programs/MiKTeX/fonts/type1/public/amsfonts/cm/cmmi12.pfb><C:/User
s/Akpabli Prince Atsu/AppData/Local/Programs/MiKTeX/fonts/type1/public/amsfonts
/cm/cmmi8.pfb><C:/Users/Akpabli Prince Atsu/AppData/Local/Programs/MiKTeX/fonts
/type1/public/amsfonts/cm/cmss10.pfb><C:/Users/Akpabli Prince Atsu/AppData/Loca
l/Programs/MiKTeX/fonts/type1/public/amsfonts/cm/cmss12.pfb><C:/Users/Akpabli P
rince Atsu/AppData/Local/Programs/MiKTeX/fonts/type1/public/amsfonts/cm/cmss17.
pfb><C:/Users/Akpabli Prince Atsu/AppData/Local/Programs/MiKTeX/fonts/type1/pub
lic/amsfonts/cm/cmss8.pfb><C:/Users/Akpabli Prince Atsu/AppData/Local/Programs/
MiKTeX/fonts/type1/public/amsfonts/cm/cmssbx10.pfb><C:/Users/Akpabli Prince Ats
u/AppData/Local/Programs/MiKTeX/fonts/type1/public/amsfonts/cm/cmssi10.pfb><C:/
Users/Akpabli Prince Atsu/AppData/Local/Programs/MiKTeX/fonts/type1/public/amsf
onts/cm/cmssi12.pfb><C:/Users/Akpabli Prince Atsu/AppData/Local/Programs/MiKTeX
/fonts/type1/public/amsfonts/cm/cmssi8.pfb><C:/Users/Akpabli Prince Atsu/AppDat
a/Local/Programs/MiKTeX/fonts/type1/public/amsfonts/cm/cmsy10.pfb><C:/Users/Akp
abli Prince Atsu/AppData/Local/Programs/MiKTeX/fonts/type1/public/amsfonts/cm/c
msy6.pfb><C:/Users/Akpabli Prince Atsu/AppData/Local/Programs/MiKTeX/fonts/type
1/public/amsfonts/cm/cmsy7.pfb><C:/Users/Akpabli Prince Atsu/AppData/Local/Prog
rams/MiKTeX/fonts/type1/public/amsfonts/cm/cmsy8.pfb><C:/Users/Akpabli Prince A
tsu/AppData/Local/Programs/MiKTeX/fonts/type1/public/amsfonts/symbols/msam10.pf
b><C:/Users/Akpabli Prince Atsu/AppData/Local/Programs/MiKTeX/fonts/type1/publi
c/amsfonts/symbols/msbm10.pfb>
Output written on "Measure 2026.pdf" (86 pages, 1781969 bytes).
PDF statistics:
 1622 PDF objects out of 1728 (max. 8388607)
 176 named destinations out of 1000 (max. 500000)
 3172 words of extra memory for PDF output out of 10000 (max. 10000000)

